node   1  (   0,    0) (  15,    3) (  71,    4) (  98,   11) (  81,   38) (  81,   75) (  81,   90) (  81,   90) (  81,   90) (  81,   90)
          (  81,   90) (  81,   90) (  81,   90) (  81,   90) (  81,   90) (  81,   90) (  81,   90) (  81,   90) (  81,   90) (  81,   90)
          (  81,   90) (  81,   90) (  81,   90) (  81,   90) (  81,   90) (  81,   90) (  81,   90) (  81,   90) (  81,   90) (  81,   90)
          (  81,   90) (  81,   90) (  81,   90) (  81,   90) (  81,   90) (  81,   90) (  81,   90) (  81,   90) (  81,   90) (  81,   90)
          (  81,   90) (  81,   90) (  81,   90) (  81,   90) (  81,   90) (  81,   90) (  81,   90) (  81,   90) (  81,   90) (  81,   90)
          (  81,   90) (  73,   90) (  71,   74) (  73,   78) (  78,   77) (  74,   82) (  70,   80) (  72,   82) (  70,   74) (  76,   81)
          (  68,   83) (  72,   87) (  68,   84) (  70,   78) (  71,   82) (  74,   81) (  75,   80) (  72,   82) (  75,   82) (  72,   78)
          (  70,   81) (  72,   85) (  70,   80) (  77,   78) (  75,   80) (  75,   85) (  75,   85) (  75,   83) (  77,   83) (  71,   82)
          (  71,   82) (  72,   82) (  73,   83) (  76,   86) (  68,   82) (  76,   81) (  76,   78) (  73,   86) (  75,   84) (  69,   84)
          (  75,   78) (  74,   87) (  73,   81) (  74,   82) (  73,   82) (  73,   82) (  76,   84) (  77,   78) (  73,   80) (  74,   85)
          (  70,   80) (  72,   80) (  76,   73) (  75,   68) (  72,   71) (  73,   69) (  76,   75) (  76,   70) (  71,   75) (  75,   74)
          (  74,   74) (  69,   78) (  73,   73) (  76,   72) (  72,   68) (  78,   75) (  76,   74) (  75,   73) (  76,   75) (  74,   71)
          (  76,   71) (  81,   72) (  76,   80) (  69,   73) (  74,   74) (  74,   76) (  71,   68) (  75,   69) (  77,   77) (  68,   71)
          (  73,   74) (  72,   69) (  72,   74) (  71,   71) (  74,   70) (  74,   71) (  76,   72) (  72,   69) (  71,   73) (  76,   70)
          (  75,   71) (  72,   70) (  77,   75) (  75,   74) (  74,   66) (  72,   75) (  70,   76) (  74,   71) (  75,   75) (  74,   75)
          (  73,   71) (  70,   75) (  75,   74) (  76,   71) (  72,   68) (  73,   74) (  77,   71) (  73,   73) (  74,   73) (  72,   70)
          (  75,   75) (  75,   73) (  72,   74) (  70,   70) (  75,   71) (  77,   76) (  73,   71) (  74,   73) (  73,   73) (  75,   74)
          (  67,   76) (  77,   74) (  74,   73) (  69,   72) (  69,   73) (  71,   71) (  73,   69) (  75,   78) (  70,   75) (  75,   71)
          (  72,   73) (  68,   74) (  74,   73) (  68,   74) (  73,   74) (  73,   71) (  71,   76) (  75,   73) (  73,   71) (  72,   72)
          (  72,   74) (  78,   68) (  75,   75) (  71,   75) (  70,   73) (  78,   68) (  73,   75) (  67,   69) (  74,   71) (  74,   73)
          (  71,   72) (  75,   75) (  78,   72) (  69,   73) (  66,   73) (  71,   72) (  74,   70) (  68,   71) (  77,   75) (  71,   72)
          (  73,   68) (  70,   70) (  70,   71) (  71,   69) (  72,   72) (  75,   75) (  71,   69) (  70,   75) (  73,   73) (  75,   75)
          (  75,   71) (  68,   73) (  78,   68) (  73,   77) (  72,   74) (  74,   72) (  72,   67) (  75,   71) (  75,   73) (  69,   73)
          (  72,   68) (  75,   75) (  76,   71) (  74,   76) (  71,   76) (  76,   72) (  75,   72) (  74,   73) (  76,   70) (  71,   74)
          (  72,   72) (  72,   70) (  74,   73) (  76,   72) (  71,   72) (  68,   75) (  73,   74) (  73,   72) (  75,   73) (  76,   74)
          (  74,   76) (  74,   72) (  73,   74) (  73,   73) (  70,   73) (  76,   72) (  78,   73) (  70,   70) (  72,   73) (  72,   67)
          (  68,   72) (  74,   72) (  70,   74) (  72,   71) (  76,   73) (  74,   72) (  78,   80) (  77,   72) (  78,   74) (  72,   73)
          (  73,   65) (  72,   69) (  77,   74) (  73,   75) (  71,   72) (  68,   77) (  78,   74) (  73,   70) (  74,   75) (  74,   71)
          (  70,   69) (  75,   68) (  71,   73) (  71,   69) (  76,   71) (  74,   71) (  76,   72) (  74,   68) (  70,   76) (  74,   70)
          (  72,   73) (  74,   71) (  74,   68) (  74,   71) (  71,   72) (  69,   72) (  71,   67) (  74,   71) (  73,   71) (  75,   74)
          (  74,   75) (  81,   70) (  81,   80) (  81,   80) (  81,   80) (  81,   80) (  81,   80) (  81,   80) (  81,   80) (  81,   80)
          (  81,   80) (  81,   80) (  81,   80) (  81,   80) (  81,   80) (  81,   80) (  81,   80) (  81,   80) (  81,   80) (  81,   80)
          (  81,   80) (  81,   80) (  81,   80) (  81,   80) (  81,   80) (  81,   80) (  81,   80) (  81,   80) (  81,   80) (  81,   80)
          (  81,   80) (  81,   80) (  81,   80) (  81,   80) (  81,   80) (  81,   80) (  81,   80) (  81,   80) (  81,   80) (  81,   80)
          (  81,   80) (  81,   80) (  81,   80) (  81,   80) (  81,   80) (  81,   80) (  81,   80) (  81,   80) (  81,   80) (  81,   80)
          (  81,   80) (  81,   80) (  81,   80) (  81,   80) (  81,   80) (  81,   80) (  81,   80) (  81,   80) (  81,   80) (  81,   80)
          (  81,   80) (  81,   80) (  81,   80) (  81,   80) (  81,   80) (  81,   80) (  81,   80) (  81,   80) (  81,   80) (  81,   80)
          (  81,   80) (  81,   80) (  81,   80) (  81,   80) (  81,   80) (  81,   80) (  81,   80) (  81,   80) (  81,   80) (  81,   80)
          (  81,   80) (  81,   80) (  81,   80) (  81,   80) (  81,   80) (  81,   80) (  81,   80) (  81,   80) (  81,   80) (  81,   80)
          (  81,   80) (  81,   80) (  81,   80) (  81,   80) (  81,   80) (  81,   80) (  81,   80) (  81,   80) (  81,   80) (  81,   80)
          (  81,   80) (  81,   80) (  81,   80) (  81,   80) (  81,   80) (  81,   80) (  81,   80) (  81,   80) (  81,   80) (  81,   80)
          (  81,   80) (  81,   80) (  81,   80) (  81,   80) (  81,   80) (  81,   80) (  81,   80) (  81,   80) (  81,   80) (  81,   80)
          (  81,   80) (  81,   80) (  81,   80) (  81,   80) (  81,   80) (  81,   80) (  81,   80) (  81,   80) (  81,   80) (  81,   80)
          (  81,   80) (  81,   80) (  81,   80) (  81,   80) (  81,   80) (  81,   80) (  81,   80) (  81,   80) (  81,   80) (  81,   80)
          (  81,   80) (  81,   80) (  81,   80) (  81,   80) (  81,   80) (  81,   80) (  81,   80) (  81,   80) (  81,   80) (  27,   80)
          (   0,   80) (   0,   80) (   0,   70) (   0,   60) (   0,   50) (   0,   50) (   0,   40) (   0,   40) (   0,   30) (   0,   30)
          (   0,   30) (   0,   30) (   0,   20) (   0,   20) (   0,   20) (   0,   20) (   0,   20) (   0,   10) (   0,   10) (   0,   10)
          (   0,   10) (   0,   10) (   0,   10) (   0,   10) (   0,   10) (   0,    0) (   0,    0) (   0,    0) (   0,    0) (   0,    0)
          (   0,    0) (   0,    0) (   0,    0) (   0,    0) (   0,    0) (   0,    0) (   0,    0) (   0,    0) (   0,    0) (   0,    0)
          (   0,    0) (   0,    0) (   0,    0) (   0,    0) (   0,    0) (   0,    0) (   0,    0) (   0,    0) (   0,    0) (   0,    0)
          (   0,    0) (   0,    0) (   0,    0) (   0,    0) (   0,    0) (   0,    0) (   0,    0) (   0,    0) (   0,    0) (   0,    0)
          (   0,    0) (   0,    0) (   0,    0) (   0,    0) (   0,    0) (   0,    0) (   0,    0) (   0,    0) (   0,    0) (   0,    0)
          (   0,    0) (   0,    0) (   0,    0) (   0,    0) (   0,    0) (   0,    0) (   0,    0) (   0,    0) (   0,    0) (   0,    0)
          (   0,    0) (   0,    0) (   0,    0) (   0,    0) (   0,    0) (   0,    0) (   0,    0) (   0,    0) (   0,    0) (   0,    0)
          (   0,    0) (   0,    0) (   0,    0) (   0,    0) (   0,    0) (   0,    0) (   0,    0) (   0,    0) (   0,    0) (   0,    0)
          (   0,    0) (   0,    0) (   0,    0) (   0,    0) (   0,    0) (   0,    0) (   0,    0) (   0,    0) (   0,    0) (   0,    0)
          (   0,    0) (   0,    0) (   0,    0) (   0,    0) (   0,    0) (   0,    0) (   0,    0) (   0,    0) (   0,    0) (   0,    0)
          (   0,    0) (   0,    0) (   0,    0) (   0,    0) (   0,    0) (   0,    0) (   0,    0) (   0,    0) (   0,    0) (   0,    0)
          (   0,    0) (   0,    0) (   0,    0) (   0,    0) (   0,    0) (   0,    0) (   0,    0) (   0,    0) (   0,    0) (   0,    0)
          (   0,    0) (   0,    0) (   0,    0) (   0,    0) (   0,    0) (   0,    0) (   0,    0) (   0,    0) (   0,    0) (   0,    0)
          (   0,    0) (   0,    0) (   0,    0) (   0,    0) (   0,    0) (   0,    0) (   0,    0) (   0,    0) (   0,    0) (   0,    0)
          (   0,    0) (   0,    0) (   0,    0) (   0,    0) (   0,    0) (   0,    0) (   0,    0) (   0,    0) (   0,    0) (   0,    0)
          (   0,    0) (   0,    0) (   0,    0) (   0,    0) (   0,    0) (   0,    0) (   0,    0) (   0,    0) (   0,    0) (   0,    0)
          (   0,    0) (   0,    0) (   0,    0) (   0,    0) (   0,    0) (   0,    0) (   0,    0) (   0,    0) (   0,    0) (   0,    0)
          (   0,    0) (   0,    0) (   0,    0) (   0,    0) (   0,    0) (   0,    0) (   0,    0) (   0,    0) (   0,    0) (   0,    0)
          (   0,    0) (   0,    0) (   0,    0) (   0,    0) (   0,    0) (   0,    0) (   0,    0) (   0,    0) (   0,    0) (   0,    0)
          (   0,    0) (   0,    0) (   0,    0) (   0,    0) (   0,    0) (   0,    0) (   0,    0) (   0,    0) (   0,    0) (   0,    0)
          (   0,    0) (   0,    0) (   0,    0) (   0,    0) (   0,    0) (   0,    0) (   0,    0) (   0,    0) (   0,    0) (   0,    0)
          (   0,    0) (   0,    0) (   0,    0) (   0,    0) (   0,    0) (   0,    0) (   0,    0) (   0,    0) (   0,    0) (   0,    0)
          (   0,    0) (   0,    0) (   0,    0) (   0,    0) (   0,    0) (   0,    0) (   0,    0) (   0,    0) (   0,    0) (   0,    0)
         
node   1 sent_total  34299  recv_total  35424

node   2  (   1,    0) (   0,    0) (   2,    4) (  12,   14) (  56,   43) (  90,   76) (  90,   89) (  90,   89) (  90,   89) (  90,   89)
          (  90,   89) (  90,   89) (  90,   89) (  90,   89) (  90,   89) (  90,   89) (  90,   89) (  90,   89) (  90,   89) (  90,   89)
          (  90,   89) (  90,   89) (  90,   89) (  90,   89) (  90,   89) (  90,   89) (  90,   89) (  90,   89) (  90,   89) (  90,   89)
          (  90,   89) (  90,   89) (  90,   89) (  90,   89) (  90,   89) (  90,   89) (  90,   89) (  90,   89) (  90,   89) (  90,   89)
          (  90,   89) (  90,   89) (  90,   89) (  90,   89) (  90,   89) (  90,   89) (  90,   89) (  90,   89) (  90,   89) (  90,   89)
          (  90,   89) (  75,   89) (  77,   83) (  79,   84) (  84,   80) (  83,   82) (  84,   82) (  84,   79) (  86,   79) (  83,   82)
          (  78,   82) (  82,   78) (  79,   85) (  78,   82) (  81,   82) (  81,   81) (  81,   82) (  82,   79) (  76,   79) (  76,   84)
          (  81,   80) (  80,   74) (  76,   74) (  79,   80) (  81,   82) (  86,   75) (  83,   82) (  81,   85) (  82,   77) (  82,   81)
          (  85,   81) (  79,   75) (  80,   83) (  82,   81) (  76,   84) (  79,   83) (  84,   80) (  83,   81) (  84,   79) (  77,   79)
          (  82,   76) (  82,   84) (  81,   83) (  82,   82) (  80,   78) (  87,   82) (  80,   78) (  82,   80) (  83,   82) (  82,   78)
          (  81,   84) (  83,   79) (  84,   71) (  78,   74) (  83,   73) (  84,   73) (  81,   72) (  84,   75) (  77,   68) (  83,   69)
          (  82,   74) (  81,   72) (  86,   72) (  84,   68) (  80,   75) (  79,   71) (  82,   74) (  77,   74) (  78,   72) (  82,   68)
          (  81,   70) (  88,   68) (  79,   82) (  78,   68) (  77,   73) (  72,   65) (  75,   69) (  73,   72) (  82,   76) (  82,   76)
          (  87,   75) (  78,   73) (  76,   72) (  82,   69) (  80,   70) (  79,   69) (  83,   70) (  79,   72) (  82,   73) (  86,   66)
          (  79,   73) (  81,   68) (  82,   72) (  77,   71) (  80,   69) (  84,   69) (  85,   74) (  79,   72) (  79,   68) (  80,   70)
          (  82,   69) (  79,   70) (  72,   68) (  85,   71) (  82,   72) (  74,   74) (  77,   72) (  85,   72) (  81,   71) (  81,   72)
          (  79,   73) (  79,   71) (  77,   75) (  77,   65) (  81,   70) (  80,   71) (  73,   64) (  82,   74) (  81,   72) (  73,   72)
          (  83,   72) (  83,   68) (  84,   70) (  76,   68) (  77,   75) (  76,   71) (  82,   73) (  80,   73) (  78,   74) (  82,   73)
          (  84,   72) (  85,   66) (  82,   70) (  85,   71) (  85,   69) (  77,   72) (  87,   67) (  80,   72) (  81,   67) (  84,   72)
          (  82,   71) (  79,   70) (  82,   72) (  83,   75) (  85,   75) (  84,   67) (  78,   72) (  79,   72) (  79,   72) (  80,   67)
          (  84,   75) (  77,   69) (  83,   72) (  79,   70) (  83,   72) (  84,   70) (  80,   71) (  80,   70) (  79,   74) (  82,   65)
          (  82,   70) (  84,   69) (  81,   76) (  80,   69) (  85,   73) (  84,   70) (  82,   69) (  84,   68) (  84,   66) (  84,   75)
          (  77,   75) (  82,   70) (  76,   72) (  73,   69) (  85,   75) (  81,   74) (  82,   73) (  84,   70) (  82,   72) (  79,   69)
          (  79,   72) (  74,   69) (  85,   76) (  81,   68) (  83,   72) (  83,   70) (  83,   71) (  83,   69) (  79,   71) (  78,   70)
          (  80,   69) (  82,   71) (  81,   72) (  85,   69) (  81,   72) (  87,   67) (  79,   74) (  79,   74) (  86,   71) (  83,   72)
          (  77,   70) (  77,   73) (  85,   72) (  80,   66) (  84,   69) (  81,   69) (  84,   69) (  76,   71) (  79,   69) (  83,   68)
          (  77,   68) (  80,   72) (  85,   71) (  84,   71) (  78,   71) (  78,   74) (  83,   71) (  84,   70) (  81,   70) (  78,   70)
          (  79,   70) (  81,   71) (  74,   69) (  84,   74) (  85,   70) (  74,   73) (  85,   66) (  82,   72) (  82,   72) (  82,   73)
          (  81,   74) (  79,   71) (  81,   71) (  82,   75) (  78,   73) (  84,   71) (  81,   71) (  71,   72) (  85,   75) (  86,   70)
          (  76,   69) (  83,   65) (  76,   70) (  83,   76) (  79,   70) (  80,   72) (  85,   74) (  83,   66) (  84,   69) (  78,   72)
          (  78,   69) (  90,   70) (  90,   79) (  90,   79) (  90,   79) (  90,   79) (  90,   79) (  90,   79) (  90,   79) (  90,   79)
          (  90,   79) (  90,   79) (  90,   79) (  90,   79) (  90,   79) (  90,   79) (  90,   79) (  90,   79) (  90,   79) (  90,   79)
          (  90,   79) (  90,   79) (  90,   79) (  90,   79) (  90,   79) (  90,   79) (  90,   79) (  90,   79) (  90,   79) (  90,   79)
          (  90,   79) (  90,   79) (  90,   79) (  90,   79) (  90,   79) (  90,   79) (  90,   79) (  90,   79) (  90,   79) (  90,   79)
          (  90,   79) (  90,   79) (  90,   79) (  90,   79) (  90,   79) (  90,   79) (  90,   79) (  90,   79) (  90,   79) (  90,   79)
          (  90,   79) (  90,   79) (  90,   79) (  90,   79) (  90,   79) (  90,   79) (  90,   79) (  90,   79) (  90,   79) (  90,   79)
          (  90,   79) (  90,   79) (  90,   79) (  90,   79) (  90,   79) (  90,   79) (  90,   79) (  90,   79) (  90,   79) (  90,   79)
          (  90,   79) (  90,   79) (  90,   79) (  90,   79) (  90,   79) (  90,   79) (  90,   79) (  90,   79) (  90,   79) (  90,   79)
          (  90,   79) (  90,   79) (  90,   79) (  90,   79) (  90,   79) (  90,   79) (  90,   79) (  90,   79) (  90,   79) (  90,   79)
          (  90,   79) (  90,   79) (  90,   79) (  90,   79) (  90,   79) (  90,   79) (  90,   79) (  90,   79) (  90,   79) (  90,   79)
          (  90,   79) (  90,   79) (  90,   79) (  90,   79) (  90,   79) (  90,   79) (  90,   79) (  90,   79) (  90,   79) (  90,   79)
          (  90,   79) (  90,   79) (  90,   79) (  90,   79) (  90,   79) (  90,   79) (  90,   79) (  90,   79) (  90,   79) (  90,   79)
          (  90,   79) (  90,   79) (  90,   79) (  90,   79) (  90,   79) (  90,   79) (  90,   79) (  90,   79) (  90,   79) (  90,   79)
          (  90,   79) (  90,   79) (  90,   79) (  90,   79) (  90,   79) (  90,   79) (  90,   79) (  90,   79) (  90,   79) (  90,   79)
          (  90,   79) (  90,   79) (  90,   79) (  90,   79) (  90,   79) (  90,   79) (  90,   79) (  90,   79) (  90,   79) (  90,   79)
          (  37,   79) (   0,   70) (   0,   70) (   0,   60) (   0,   60) (   0,   50) (   0,   40) (   0,   40) (   0,   30) (   0,   30)
          (   0,   30) (   0,   20) (   0,   20) (   0,   20) (   0,   10) (   0,   10) (   0,   10) (   0,   10) (   0,   10) (   0,   10)
          (   0,   10) (   0,   10) (   0,    0) (   0,    0) (   0,    0) (   0,    0) (   0,    0) (   0,    0) (   0,    0) (   0,    0)
          (   0,    0) (   0,    0) (   0,    0) (   0,    0) (   0,    0) (   0,    0) (   0,    0) (   0,    0) (   0,    0) (   0,    0)
          (   0,    0) (   0,    0) (   0,    0) (   0,    0) (   0,    0) (   0,    0) (   0,    0) (   0,    0) (   0,    0) (   0,    0)
          (   0,    0) (   0,    0) (   0,    0) (   0,    0) (   0,    0) (   0,    0) (   0,    0) (   0,    0) (   0,    0) (   0,    0)
          (   0,    0) (   0,    0) (   0,    0) (   0,    0) (   0,    0) (   0,    0) (   0,    0) (   0,    0) (   0,    0) (   0,    0)
          (   0,    0) (   0,    0) (   0,    0) (   0,    0) (   0,    0) (   0,    0) (   0,    0) (   0,    0) (   0,    0) (   0,    0)
          (   0,    0) (   0,    0) (   0,    0) (   0,    0) (   0,    0) (   0,    0) (   0,    0) (   0,    0) (   0,    0) (   0,    0)
          (   0,    0) (   0,    0) (   0,    0) (   0,    0) (   0,    0) (   0,    0) (   0,    0) (   0,    0) (   0,    0) (   0,    0)
          (   0,    0) (   0,    0) (   0,    0) (   0,    0) (   0,    0) (   0,    0) (   0,    0) (   0,    0) (   0,    0) (   0,    0)
          (   0,    0) (   0,    0) (   0,    0) (   0,    0) (   0,    0) (   0,    0) (   0,    0) (   0,    0) (   0,    0) (   0,    0)
          (   0,    0) (   0,    0) (   0,    0) (   0,    0) (   0,    0) (   0,    0) (   0,    0) (   0,    0) (   0,    0) (   0,    0)
          (   0,    0) (   0,    0) (   0,    0) (   0,    0) (   0,    0) (   0,    0) (   0,    0) (   0,    0) (   0,    0) (   0,    0)
          (   0,    0) (   0,    0) (   0,    0) (   0,    0) (   0,    0) (   0,    0) (   0,    0) (   0,    0) (   0,    0) (   0,    0)
          (   0,    0) (   0,    0) (   0,    0) (   0,    0) (   0,    0) (   0,    0) (   0,    0) (   0,    0) (   0,    0) (   0,    0)
          (   0,    0) (   0,    0) (   0,    0) (   0,    0) (   0,    0) (   0,    0) (   0,    0) (   0,    0) (   0,    0) (   0,    0)
          (   0,    0) (   0,    0) (   0,    0) (   0,    0) (   0,    0) (   0,    0) (   0,    0) (   0,    0) (   0,    0) (   0,    0)
          (   0,    0) (   0,    0) (   0,    0) (   0,    0) (   0,    0) (   0,    0) (   0,    0) (   0,    0) (   0,    0) (   0,    0)
          (   0,    0) (   0,    0) (   0,    0) (   0,    0) (   0,    0) (   0,    0) (   0,    0) (   0,    0) (   0,    0) (   0,    0)
          (   0,    0) (   0,    0) (   0,    0) (   0,    0) (   0,    0) (   0,    0) (   0,    0) (   0,    0) (   0,    0) (   0,    0)
          (   0,    0) (   0,    0) (   0,    0) (   0,    0) (   0,    0) (   0,    0) (   0,    0) (   0,    0) (   0,    0) (   0,    0)
          (   0,    0) (   0,    0) (   0,    0) (   0,    0) (   0,    0) (   0,    0) (   0,    0) (   0,    0) (   0,    0) (   0,    0)
          (   0,    0) (   0,    0) (   0,    0) (   0,    0) (   0,    0) (   0,    0) (   0,    0) (   0,    0) (   0,    0) (   0,    0)
          (   0,    0) (   0,    0) (   0,    0) (   0,    0) (   0,    0) (   0,    0) (   0,    0) (   0,    0) (   0,    0) (   0,    0)
         
node   2 sent_total  37872  recv_total  34854

node   3  (   1,    0) (   0,    0) (   6,    5) (  12,   11) (  56,   43) (  90,   76) (  90,   89) (  90,   89) (  90,   89) (  90,   89)
          (  90,   89) (  90,   89) (  90,   89) (  90,   89) (  90,   89) (  90,   89) (  90,   89) (  90,   89) (  90,   89) (  90,   89)
          (  90,   89) (  90,   89) (  90,   89) (  90,   89) (  90,   89) (  90,   89) (  90,   89) (  90,   89) (  90,   89) (  90,   89)
          (  90,   89) (  90,   89) (  90,   89) (  90,   89) (  90,   89) (  90,   89) (  90,   89) (  90,   89) (  90,   89) (  90,   89)
          (  90,   89) (  90,   89) (  90,   89) (  90,   89) (  90,   89) (  90,   89) (  90,   89) (  90,   89) (  90,   89) (  90,   89)
          (  90,   89) (  79,   89) (  81,   78) (  81,   86) (  83,   82) (  80,   81) (  81,   84) (  75,   81) (  79,   79) (  75,   78)
          (  80,   77) (  83,   80) (  81,   81) (  84,   82) (  81,   76) (  80,   73) (  82,   73) (  81,   76) (  83,   77) (  83,   81)
          (  80,   82) (  81,   78) (  85,   82) (  83,   78) (  83,   79) (  81,   81) (  82,   85) (  83,   78) (  82,   85) (  81,   84)
          (  82,   80) (  80,   79) (  82,   83) (  83,   82) (  82,   80) (  81,   75) (  82,   81) (  81,   81) (  79,   83) (  79,   82)
          (  84,   79) (  79,   82) (  82,   77) (  82,   80) (  80,   78) (  85,   82) (  82,   83) (  80,   78) (  81,   84) (  85,   80)
          (  75,   81) (  84,   78) (  79,   72) (  82,   73) (  80,   71) (  81,   73) (  82,   73) (  80,   74) (  82,   72) (  78,   73)
          (  82,   72) (  81,   68) (  80,   70) (  80,   68) (  84,   68) (  84,   67) (  83,   72) (  78,   68) (  81,   72) (  80,   69)
          (  80,   76) (  91,   70) (  85,   78) (  85,   74) (  83,   74) (  75,   73) (  80,   68) (  78,   70) (  81,   70) (  83,   73)
          (  78,   73) (  77,   71) (  77,   71) (  85,   73) (  83,   72) (  81,   75) (  84,   66) (  78,   71) (  78,   70) (  83,   74)
          (  87,   64) (  82,   70) (  78,   72) (  75,   72) (  81,   75) (  82,   70) (  80,   73) (  73,   73) (  83,   69) (  76,   72)
          (  83,   71) (  81,   71) (  83,   67) (  85,   74) (  83,   72) (  79,   78) (  79,   68) (  84,   72) (  81,   78) (  85,   76)
          (  83,   69) (  81,   69) (  73,   73) (  82,   70) (  83,   76) (  81,   74) (  82,   71) (  81,   70) (  82,   73) (  82,   71)
          (  81,   73) (  79,   66) (  82,   74) (  78,   72) (  82,   68) (  85,   69) (  85,   69) (  85,   71) (  80,   69) (  84,   72)
          (  81,   69) (  77,   73) (  83,   68) (  80,   70) (  86,   73) (  84,   73) (  80,   71) (  78,   73) (  78,   73) (  83,   74)
          (  79,   73) (  83,   71) (  86,   70) (  80,   73) (  84,   75) (  81,   70) (  84,   74) (  87,   73) (  78,   68) (  77,   72)
          (  84,   72) (  85,   71) (  85,   68) (  82,   75) (  83,   71) (  85,   73) (  79,   70) (  81,   75) (  79,   73) (  81,   74)
          (  79,   73) (  80,   74) (  79,   71) (  78,   72) (  80,   70) (  84,   70) (  82,   72) (  83,   70) (  80,   71) (  83,   76)
          (  82,   70) (  79,   69) (  82,   73) (  76,   67) (  80,   69) (  79,   70) (  83,   71) (  79,   73) (  80,   69) (  79,   69)
          (  82,   74) (  82,   69) (  82,   69) (  83,   70) (  81,   69) (  78,   71) (  78,   75) (  82,   74) (  77,   72) (  81,   71)
          (  82,   68) (  81,   73) (  80,   72) (  80,   71) (  71,   72) (  76,   71) (  80,   71) (  84,   69) (  81,   73) (  82,   74)
          (  83,   70) (  77,   72) (  81,   67) (  85,   72) (  76,   68) (  84,   69) (  78,   69) (  75,   72) (  79,   68) (  87,   74)
          (  81,   69) (  82,   71) (  80,   70) (  82,   68) (  82,   66) (  84,   71) (  80,   71) (  80,   75) (  77,   69) (  85,   69)
          (  80,   69) (  75,   73) (  86,   65) (  81,   72) (  82,   69) (  82,   69) (  81,   70) (  83,   72) (  80,   67) (  79,   70)
          (  75,   71) (  78,   76) (  82,   67) (  81,   72) (  83,   72) (  76,   68) (  78,   74) (  81,   72) (  78,   70) (  85,   67)
          (  83,   70) (  77,   71) (  80,   72) (  82,   69) (  79,   68) (  82,   70) (  79,   72) (  83,   72) (  81,   68) (  82,   72)
          (  82,   73) (  90,   66) (  90,   79) (  90,   79) (  90,   79) (  90,   79) (  90,   79) (  90,   79) (  90,   79) (  90,   79)
          (  90,   79) (  90,   79) (  90,   79) (  90,   79) (  90,   79) (  90,   79) (  90,   79) (  90,   79) (  90,   79) (  90,   79)
          (  90,   79) (  90,   79) (  90,   79) (  90,   79) (  90,   79) (  90,   79) (  90,   79) (  90,   79) (  90,   79) (  90,   79)
          (  90,   79) (  90,   79) (  90,   79) (  90,   79) (  90,   79) (  90,   79) (  90,   79) (  90,   79) (  90,   79) (  90,   79)
          (  90,   79) (  90,   79) (  90,   79) (  90,   79) (  90,   79) (  90,   79) (  90,   79) (  90,   79) (  90,   79) (  90,   79)
          (  90,   79) (  90,   79) (  90,   79) (  90,   79) (  90,   79) (  90,   79) (  90,   79) (  90,   79) (  90,   79) (  90,   79)
          (  90,   79) (  90,   79) (  90,   79) (  90,   79) (  90,   79) (  90,   79) (  90,   79) (  90,   79) (  90,   79) (  90,   79)
          (  90,   79) (  90,   79) (  90,   79) (  90,   79) (  90,   79) (  90,   79) (  90,   79) (  90,   79) (  90,   79) (  90,   79)
          (  90,   79) (  90,   79) (  90,   79) (  90,   79) (  90,   79) (  90,   79) (  90,   79) (  90,   79) (  90,   79) (  90,   79)
          (  90,   79) (  90,   79) (  90,   79) (  90,   79) (  90,   79) (  90,   79) (  90,   79) (  90,   79) (  90,   79) (  90,   79)
          (  90,   79) (  90,   79) (  90,   79) (  90,   79) (  90,   79) (  90,   79) (  90,   79) (  90,   79) (  90,   79) (  90,   79)
          (  90,   79) (  90,   79) (  90,   79) (  90,   79) (  90,   79) (  90,   79) (  90,   79) (  90,   79) (  90,   79) (  90,   79)
          (  90,   79) (  90,   79) (  90,   79) (  90,   79) (  90,   79) (  90,   79) (  90,   79) (  90,   79) (  90,   79) (  90,   79)
          (  90,   79) (  90,   79) (  90,   79) (  90,   79) (  90,   79) (  90,   79) (  90,   79) (  90,   79) (  90,   79) (  90,   79)
          (  90,   79) (  90,   79) (  90,   79) (  90,   79) (  90,   79) (  90,   79) (  90,   79) (  90,   79) (  90,   79) (  90,   79)
          (  90,   79) (  57,   70) (   0,   60) (   0,   60) (   0,   60) (   0,   50) (   0,   40) (   0,   40) (   0,   30) (   0,   30)
          (   0,   30) (   0,   30) (   0,   20) (   0,   20) (   0,   10) (   0,   10) (   0,   10) (   0,   10) (   0,    0) (   0,    0)
          (   0,    0) (   0,    0) (   0,    0) (   0,    0) (   0,    0) (   0,    0) (   0,    0) (   0,    0) (   0,    0) (   0,    0)
          (   0,    0) (   0,    0) (   0,    0) (   0,    0) (   0,    0) (   0,    0) (   0,    0) (   0,    0) (   0,    0) (   0,    0)
          (   0,    0) (   0,    0) (   0,    0) (   0,    0) (   0,    0) (   0,    0) (   0,    0) (   0,    0) (   0,    0) (   0,    0)
          (   0,    0) (   0,    0) (   0,    0) (   0,    0) (   0,    0) (   0,    0) (   0,    0) (   0,    0) (   0,    0) (   0,    0)
          (   0,    0) (   0,    0) (   0,    0) (   0,    0) (   0,    0) (   0,    0) (   0,    0) (   0,    0) (   0,    0) (   0,    0)
          (   0,    0) (   0,    0) (   0,    0) (   0,    0) (   0,    0) (   0,    0) (   0,    0) (   0,    0) (   0,    0) (   0,    0)
          (   0,    0) (   0,    0) (   0,    0) (   0,    0) (   0,    0) (   0,    0) (   0,    0) (   0,    0) (   0,    0) (   0,    0)
          (   0,    0) (   0,    0) (   0,    0) (   0,    0) (   0,    0) (   0,    0) (   0,    0) (   0,    0) (   0,    0) (   0,    0)
          (   0,    0) (   0,    0) (   0,    0) (   0,    0) (   0,    0) (   0,    0) (   0,    0) (   0,    0) (   0,    0) (   0,    0)
          (   0,    0) (   0,    0) (   0,    0) (   0,    0) (   0,    0) (   0,    0) (   0,    0) (   0,    0) (   0,    0) (   0,    0)
          (   0,    0) (   0,    0) (   0,    0) (   0,    0) (   0,    0) (   0,    0) (   0,    0) (   0,    0) (   0,    0) (   0,    0)
          (   0,    0) (   0,    0) (   0,    0) (   0,    0) (   0,    0) (   0,    0) (   0,    0) (   0,    0) (   0,    0) (   0,    0)
          (   0,    0) (   0,    0) (   0,    0) (   0,    0) (   0,    0) (   0,    0) (   0,    0) (   0,    0) (   0,    0) (   0,    0)
          (   0,    0) (   0,    0) (   0,    0) (   0,    0) (   0,    0) (   0,    0) (   0,    0) (   0,    0) (   0,    0) (   0,    0)
          (   0,    0) (   0,    0) (   0,    0) (   0,    0) (   0,    0) (   0,    0) (   0,    0) (   0,    0) (   0,    0) (   0,    0)
          (   0,    0) (   0,    0) (   0,    0) (   0,    0) (   0,    0) (   0,    0) (   0,    0) (   0,    0) (   0,    0) (   0,    0)
          (   0,    0) (   0,    0) (   0,    0) (   0,    0) (   0,    0) (   0,    0) (   0,    0) (   0,    0) (   0,    0) (   0,    0)
          (   0,    0) (   0,    0) (   0,    0) (   0,    0) (   0,    0) (   0,    0) (   0,    0) (   0,    0) (   0,    0) (   0,    0)
          (   0,    0) (   0,    0) (   0,    0) (   0,    0) (   0,    0) (   0,    0) (   0,    0) (   0,    0) (   0,    0) (   0,    0)
          (   0,    0) (   0,    0) (   0,    0) (   0,    0) (   0,    0) (   0,    0) (   0,    0) (   0,    0) (   0,    0) (   0,    0)
          (   0,    0) (   0,    0) (   0,    0) (   0,    0) (   0,    0) (   0,    0) (   0,    0) (   0,    0) (   0,    0) (   0,    0)
          (   0,    0) (   0,    0) (   0,    0) (   0,    0) (   0,    0) (   0,    0) (   0,    0) (   0,    0) (   0,    0) (   0,    0)
          (   0,    0) (   0,    0) (   0,    0) (   0,    0) (   0,    0) (   0,    0) (   0,    0) (   0,    0) (   0,    0) (   0,    0)
         
node   3 sent_total  38025  recv_total  34811

node   4  (   1,    0) (   0,    0) (  12,    6) (  12,    7) (  56,   43) (  90,   76) (  90,   89) (  90,   89) (  90,   89) (  90,   89)
          (  90,   89) (  90,   89) (  90,   89) (  90,   89) (  90,   89) (  90,   89) (  90,   89) (  90,   89) (  90,   89) (  90,   89)
          (  90,   89) (  90,   89) (  90,   89) (  90,   89) (  90,   89) (  90,   89) (  90,   89) (  90,   89) (  90,   89) (  90,   89)
          (  90,   89) (  90,   89) (  90,   89) (  90,   89) (  90,   89) (  90,   89) (  90,   89) (  90,   89) (  90,   89) (  90,   89)
          (  90,   89) (  90,   89) (  90,   89) (  90,   89) (  90,   89) (  90,   89) (  90,   89) (  90,   89) (  90,   89) (  90,   89)
          (  90,   89) (  81,   89) (  82,   80) (  82,   78) (  86,   81) (  84,   77) (  82,   78) (  78,   76) (  80,   79) (  82,   80)
          (  84,   77) (  81,   78) (  78,   77) (  87,   82) (  79,   81) (  78,   74) (  75,   83) (  77,   81) (  82,   79) (  80,   79)
          (  83,   76) (  81,   78) (  80,   81) (  76,   80) (  82,   81) (  83,   77) (  83,   78) (  83,   77) (  82,   82) (  75,   81)
          (  75,   79) (  84,   75) (  83,   80) (  81,   80) (  79,   82) (  82,   74) (  82,   82) (  79,   82) (  82,   77) (  84,   77)
          (  83,   79) (  80,   79) (  82,   84) (  81,   81) (  81,   84) (  81,   80) (  81,   84) (  83,   82) (  80,   79) (  85,   76)
          (  83,   83) (  87,   78) (  80,   71) (  76,   75) (  83,   73) (  79,   71) (  82,   73) (  79,   70) (  79,   73) (  82,   73)
          (  83,   69) (  74,   72) (  78,   68) (  80,   70) (  81,   70) (  86,   73) (  73,   72) (  78,   72) (  82,   70) (  84,   70)
          (  76,   70) (  93,   70) (  75,   81) (  81,   71) (  84,   74) (  80,   70) (  76,   74) (  82,   70) (  79,   66) (  85,   68)
          (  87,   71) (  84,   73) (  79,   74) (  79,   67) (  85,   69) (  81,   71) (  80,   71) (  79,   74) (  75,   71) (  79,   71)
          (  82,   73) (  79,   69) (  85,   71) (  84,   71) (  80,   73) (  79,   69) (  81,   67) (  80,   66) (  84,   70) (  81,   72)
          (  81,   69) (  79,   74) (  81,   66) (  83,   70) (  80,   75) (  82,   74) (  79,   71) (  83,   71) (  84,   74) (  82,   71)
          (  81,   73) (  84,   69) (  76,   64) (  80,   69) (  77,   71) (  79,   73) (  82,   72) (  85,   71) (  85,   69) (  81,   72)
          (  79,   72) (  80,   74) (  81,   68) (  79,   72) (  81,   70) (  84,   71) (  86,   71) (  82,   70) (  81,   69) (  80,   64)
          (  81,   71) (  80,   72) (  81,   71) (  83,   72) (  79,   72) (  80,   74) (  82,   66) (  84,   72) (  82,   68) (  86,   69)
          (  81,   72) (  82,   72) (  82,   73) (  80,   69) (  78,   70) (  82,   68) (  73,   75) (  79,   69) (  78,   74) (  84,   68)
          (  81,   74) (  81,   75) (  81,   71) (  81,   75) (  80,   71) (  82,   75) (  80,   70) (  83,   67) (  82,   68) (  81,   73)
          (  80,   74) (  81,   68) (  79,   68) (  80,   75) (  80,   69) (  76,   72) (  82,   76) (  79,   74) (  83,   72) (  79,   68)
          (  82,   71) (  80,   71) (  80,   70) (  83,   70) (  82,   74) (  75,   71) (  79,   73) (  87,   72) (  85,   75) (  79,   68)
          (  83,   65) (  78,   65) (  79,   75) (  84,   73) (  83,   72) (  80,   75) (  77,   72) (  82,   70) (  81,   70) (  79,   66)
          (  81,   71) (  80,   68) (  79,   69) (  79,   67) (  85,   74) (  79,   71) (  81,   73) (  81,   74) (  81,   71) (  82,   72)
          (  84,   70) (  82,   71) (  82,   71) (  80,   70) (  78,   69) (  79,   76) (  78,   72) (  83,   73) (  75,   65) (  82,   72)
          (  79,   77) (  81,   70) (  80,   70) (  83,   71) (  80,   75) (  80,   74) (  84,   74) (  80,   66) (  82,   76) (  80,   73)
          (  76,   73) (  80,   71) (  85,   66) (  80,   71) (  75,   74) (  79,   75) (  76,   69) (  77,   76) (  80,   74) (  75,   69)
          (  81,   72) (  85,   74) (  81,   72) (  81,   71) (  81,   65) (  79,   71) (  79,   69) (  79,   70) (  84,   73) (  81,   71)
          (  81,   69) (  79,   73) (  83,   70) (  86,   69) (  79,   73) (  80,   71) (  80,   69) (  78,   72) (  82,   70) (  83,   67)
          (  81,   69) (  90,   70) (  90,   79) (  90,   79) (  90,   79) (  90,   79) (  90,   79) (  90,   79) (  90,   79) (  90,   79)
          (  90,   79) (  90,   79) (  90,   79) (  90,   79) (  90,   79) (  90,   79) (  90,   79) (  90,   79) (  90,   79) (  90,   79)
          (  90,   79) (  90,   79) (  90,   79) (  90,   79) (  90,   79) (  90,   79) (  90,   79) (  90,   79) (  90,   79) (  90,   79)
          (  90,   79) (  90,   79) (  90,   79) (  90,   79) (  90,   79) (  90,   79) (  90,   79) (  90,   79) (  90,   79) (  90,   79)
          (  90,   79) (  90,   79) (  90,   79) (  90,   79) (  90,   79) (  90,   79) (  90,   79) (  90,   79) (  90,   79) (  90,   79)
          (  90,   79) (  90,   79) (  90,   79) (  90,   79) (  90,   79) (  90,   79) (  90,   79) (  90,   79) (  90,   79) (  90,   79)
          (  90,   79) (  90,   79) (  90,   79) (  90,   79) (  90,   79) (  90,   79) (  90,   79) (  90,   79) (  90,   79) (  90,   79)
          (  90,   79) (  90,   79) (  90,   79) (  90,   79) (  90,   79) (  90,   79) (  90,   79) (  90,   79) (  90,   79) (  90,   79)
          (  90,   79) (  90,   79) (  90,   79) (  90,   79) (  90,   79) (  90,   79) (  90,   79) (  90,   79) (  90,   79) (  90,   79)
          (  90,   79) (  90,   79) (  90,   79) (  90,   79) (  90,   79) (  90,   79) (  90,   79) (  90,   79) (  90,   79) (  90,   79)
          (  90,   79) (  90,   79) (  90,   79) (  90,   79) (  90,   79) (  90,   79) (  90,   79) (  90,   79) (  90,   79) (  90,   79)
          (  90,   79) (  90,   79) (  90,   79) (  90,   79) (  90,   79) (  90,   79) (  90,   79) (  90,   79) (  90,   79) (  90,   79)
          (  90,   79) (  90,   79) (  90,   79) (  90,   79) (  90,   79) (  90,   79) (  90,   79) (  90,   79) (  90,   79) (  90,   79)
          (  90,   79) (  90,   79) (  90,   79) (  90,   79) (  90,   79) (  90,   79) (  90,   79) (  90,   79) (  90,   79) (  90,   79)
          (  90,   79) (  90,   79) (  90,   79) (  90,   79) (  90,   79) (  90,   79) (  90,   79) (  90,   79) (  90,   79) (  90,   79)
          (  90,   79) (  90,   70) (  80,   60) (  20,   50) (   0,   50) (   0,   50) (   0,   50) (   0,   40) (   0,   40) (   0,   30)
          (   0,   20) (   0,   20) (   0,   20) (   0,   20) (   0,   20) (   0,   10) (   0,   10) (   0,   10) (   0,   10) (   0,    0)
          (   0,    0) (   0,    0) (   0,    0) (   0,    0) (   0,    0) (   0,    0) (   0,    0) (   0,    0) (   0,    0) (   0,    0)
          (   0,    0) (   0,    0) (   0,    0) (   0,    0) (   0,    0) (   0,    0) (   0,    0) (   0,    0) (   0,    0) (   0,    0)
          (   0,    0) (   0,    0) (   0,    0) (   0,    0) (   0,    0) (   0,    0) (   0,    0) (   0,    0) (   0,    0) (   0,    0)
          (   0,    0) (   0,    0) (   0,    0) (   0,    0) (   0,    0) (   0,    0) (   0,    0) (   0,    0) (   0,    0) (   0,    0)
          (   0,    0) (   0,    0) (   0,    0) (   0,    0) (   0,    0) (   0,    0) (   0,    0) (   0,    0) (   0,    0) (   0,    0)
          (   0,    0) (   0,    0) (   0,    0) (   0,    0) (   0,    0) (   0,    0) (   0,    0) (   0,    0) (   0,    0) (   0,    0)
          (   0,    0) (   0,    0) (   0,    0) (   0,    0) (   0,    0) (   0,    0) (   0,    0) (   0,    0) (   0,    0) (   0,    0)
          (   0,    0) (   0,    0) (   0,    0) (   0,    0) (   0,    0) (   0,    0) (   0,    0) (   0,    0) (   0,    0) (   0,    0)
          (   0,    0) (   0,    0) (   0,    0) (   0,    0) (   0,    0) (   0,    0) (   0,    0) (   0,    0) (   0,    0) (   0,    0)
          (   0,    0) (   0,    0) (   0,    0) (   0,    0) (   0,    0) (   0,    0) (   0,    0) (   0,    0) (   0,    0) (   0,    0)
          (   0,    0) (   0,    0) (   0,    0) (   0,    0) (   0,    0) (   0,    0) (   0,    0) (   0,    0) (   0,    0) (   0,    0)
          (   0,    0) (   0,    0) (   0,    0) (   0,    0) (   0,    0) (   0,    0) (   0,    0) (   0,    0) (   0,    0) (   0,    0)
          (   0,    0) (   0,    0) (   0,    0) (   0,    0) (   0,    0) (   0,    0) (   0,    0) (   0,    0) (   0,    0) (   0,    0)
          (   0,    0) (   0,    0) (   0,    0) (   0,    0) (   0,    0) (   0,    0) (   0,    0) (   0,    0) (   0,    0) (   0,    0)
          (   0,    0) (   0,    0) (   0,    0) (   0,    0) (   0,    0) (   0,    0) (   0,    0) (   0,    0) (   0,    0) (   0,    0)
          (   0,    0) (   0,    0) (   0,    0) (   0,    0) (   0,    0) (   0,    0) (   0,    0) (   0,    0) (   0,    0) (   0,    0)
          (   0,    0) (   0,    0) (   0,    0) (   0,    0) (   0,    0) (   0,    0) (   0,    0) (   0,    0) (   0,    0) (   0,    0)
          (   0,    0) (   0,    0) (   0,    0) (   0,    0) (   0,    0) (   0,    0) (   0,    0) (   0,    0) (   0,    0) (   0,    0)
          (   0,    0) (   0,    0) (   0,    0) (   0,    0) (   0,    0) (   0,    0) (   0,    0) (   0,    0) (   0,    0) (   0,    0)
          (   0,    0) (   0,    0) (   0,    0) (   0,    0) (   0,    0) (   0,    0) (   0,    0) (   0,    0) (   0,    0) (   0,    0)
          (   0,    0) (   0,    0) (   0,    0) (   0,    0) (   0,    0) (   0,    0) (   0,    0) (   0,    0) (   0,    0) (   0,    0)
          (   0,    0) (   0,    0) (   0,    0) (   0,    0) (   0,    0) (   0,    0) (   0,    0) (   0,    0) (   0,    0) (   0,    0)
          (   0,    0) (   0,    0) (   0,    0) (   0,    0) (   0,    0) (   0,    0) (   0,    0) (   0,    0) (   0,    0) (   0,    0)
         
node   4 sent_total  38117  recv_total  34759

node   5  (   0,    0) (   1,    0) (   0,    0) (  20,   11) (  56,   30) (  90,   76) (  90,   89) (  90,   89) (  90,   89) (  90,   89)
          (  90,   89) (  90,   89) (  90,   89) (  90,   89) (  90,   89) (  90,   89) (  90,   89) (  90,   89) (  90,   89) (  90,   89)
          (  90,   89) (  90,   89) (  90,   89) (  90,   89) (  90,   89) (  90,   89) (  90,   89) (  90,   89) (  90,   89) (  90,   89)
          (  90,   89) (  90,   89) (  90,   89) (  90,   89) (  90,   89) (  90,   89) (  90,   89) (  90,   89) (  90,   89) (  90,   89)
          (  90,   89) (  90,   89) (  90,   89) (  90,   89) (  90,   89) (  90,   89) (  90,   89) (  90,   89) (  90,   89) (  90,   89)
          (  90,   89) (  79,   89) (  82,   76) (  78,   79) (  83,   82) (  84,   81) (  82,   81) (  79,   81) (  77,   78) (  81,   74)
          (  83,   83) (  87,   78) (  85,   76) (  83,   80) (  77,   81) (  81,   78) (  83,   81) (  79,   78) (  82,   78) (  80,   78)
          (  79,   76) (  74,   81) (  83,   79) (  79,   83) (  77,   75) (  82,   83) (  79,   80) (  83,   83) (  83,   79) (  79,   81)
          (  77,   82) (  82,   80) (  84,   82) (  83,   83) (  80,   83) (  80,   78) (  82,   85) (  83,   76) (  83,   76) (  81,   83)
          (  80,   82) (  80,   81) (  85,   78) (  76,   83) (  83,   77) (  83,   75) (  79,   80) (  84,   81) (  86,   81) (  85,   81)
          (  80,   78) (  79,   80) (  86,   70) (  80,   70) (  77,   69) (  86,   74) (  86,   71) (  82,   75) (  79,   73) (  81,   69)
          (  80,   74) (  74,   74) (  81,   66) (  79,   68) (  80,   76) (  82,   73) (  81,   71) (  86,   72) (  81,   74) (  80,   75)
          (  79,   70) (  89,   70) (  84,   79) (  83,   70) (  76,   69) (  81,   73) (  78,   70) (  79,   68) (  85,   71) (  77,   72)
          (  82,   67) (  79,   73) (  81,   70) (  83,   71) (  80,   72) (  77,   73) (  83,   70) (  83,   73) (  82,   70) (  75,   69)
          (  79,   73) (  76,   76) (  80,   68) (  81,   73) (  83,   75) (  84,   74) (  81,   68) (  80,   70) (  85,   70) (  79,   71)
          (  82,   71) (  79,   69) (  79,   76) (  82,   67) (  84,   76) (  83,   70) (  81,   69) (  84,   73) (  84,   70) (  79,   75)
          (  80,   71) (  78,   71) (  83,   74) (  81,   72) (  79,   68) (  81,   69) (  80,   70) (  81,   66) (  78,   75) (  76,   70)
          (  82,   66) (  83,   71) (  80,   72) (  83,   75) (  80,   69) (  79,   71) (  85,   73) (  83,   74) (  80,   69) (  80,   69)
          (  79,   72) (  81,   71) (  87,   66) (  77,   67) (  81,   71) (  79,   72) (  78,   70) (  83,   72) (  78,   73) (  83,   71)
          (  81,   76) (  86,   72) (  82,   71) (  82,   70) (  76,   68) (  78,   68) (  82,   74) (  84,   69) (  80,   70) (  85,   69)
          (  79,   76) (  81,   71) (  75,   73) (  81,   73) (  81,   67) (  82,   68) (  80,   74) (  82,   71) (  80,   71) (  83,   71)
          (  81,   68) (  81,   72) (  79,   76) (  80,   74) (  80,   69) (  82,   71) (  80,   73) (  82,   70) (  87,   75) (  78,   72)
          (  78,   73) (  81,   69) (  80,   72) (  82,   72) (  84,   71) (  82,   66) (  76,   71) (  84,   74) (  78,   75) (  81,   75)
          (  75,   72) (  82,   67) (  81,   67) (  82,   74) (  81,   74) (  80,   74) (  84,   74) (  83,   72) (  86,   75) (  80,   73)
          (  86,   68) (  83,   73) (  81,   69) (  76,   73) (  83,   72) (  85,   72) (  80,   72) (  84,   68) (  86,   70) (  83,   74)
          (  81,   74) (  85,   73) (  81,   67) (  79,   73) (  82,   70) (  81,   72) (  83,   69) (  83,   70) (  76,   74) (  80,   70)
          (  78,   76) (  84,   71) (  75,   70) (  80,   72) (  82,   71) (  81,   72) (  80,   72) (  80,   77) (  77,   71) (  79,   72)
          (  78,   70) (  87,   73) (  80,   67) (  78,   67) (  82,   71) (  81,   72) (  82,   69) (  81,   69) (  82,   71) (  82,   70)
          (  84,   73) (  82,   72) (  83,   71) (  81,   66) (  82,   73) (  85,   74) (  81,   69) (  86,   75) (  73,   70) (  80,   69)
          (  81,   71) (  79,   72) (  82,   72) (  76,   75) (  82,   73) (  83,   74) (  84,   73) (  77,   72) (  81,   69) (  83,   75)
          (  77,   72) (  90,   72) (  90,   79) (  90,   79) (  90,   79) (  90,   79) (  90,   79) (  90,   79) (  90,   79) (  90,   79)
          (  90,   79) (  90,   79) (  90,   79) (  90,   79) (  90,   79) (  90,   79) (  90,   79) (  90,   79) (  90,   79) (  90,   79)
          (  90,   79) (  90,   79) (  90,   79) (  90,   79) (  90,   79) (  90,   79) (  90,   79) (  90,   79) (  90,   79) (  90,   79)
          (  90,   79) (  90,   79) (  90,   79) (  90,   79) (  90,   79) (  90,   79) (  90,   79) (  90,   79) (  90,   79) (  90,   79)
          (  90,   79) (  90,   79) (  90,   79) (  90,   79) (  90,   79) (  90,   79) (  90,   79) (  90,   79) (  90,   79) (  90,   79)
          (  90,   79) (  90,   79) (  90,   79) (  90,   79) (  90,   79) (  90,   79) (  90,   79) (  90,   79) (  90,   79) (  90,   79)
          (  90,   79) (  90,   79) (  90,   79) (  90,   79) (  90,   79) (  90,   79) (  90,   79) (  90,   79) (  90,   79) (  90,   79)
          (  90,   79) (  90,   79) (  90,   79) (  90,   79) (  90,   79) (  90,   79) (  90,   79) (  90,   79) (  90,   79) (  90,   79)
          (  90,   79) (  90,   79) (  90,   79) (  90,   79) (  90,   79) (  90,   79) (  90,   79) (  90,   79) (  90,   79) (  90,   79)
          (  90,   79) (  90,   79) (  90,   79) (  90,   79) (  90,   79) (  90,   79) (  90,   79) (  90,   79) (  90,   79) (  90,   79)
          (  90,   79) (  90,   79) (  90,   79) (  90,   79) (  90,   79) (  90,   79) (  90,   79) (  90,   79) (  90,   79) (  90,   79)
          (  90,   79) (  90,   79) (  90,   79) (  90,   79) (  90,   79) (  90,   79) (  90,   79) (  90,   79) (  90,   79) (  90,   79)
          (  90,   79) (  90,   79) (  90,   79) (  90,   79) (  90,   79) (  90,   79) (  90,   79) (  90,   79) (  90,   79) (  90,   79)
          (  90,   79) (  90,   79) (  90,   79) (  90,   79) (  90,   79) (  90,   79) (  90,   79) (  90,   79) (  90,   79) (  90,   79)
          (  90,   79) (  90,   79) (  90,   79) (  90,   79) (  90,   79) (  90,   79) (  90,   79) (  90,   79) (  90,   79) (  90,   79)
          (  90,   70) (  90,   67) (  90,   60) (  90,   50) (  60,   40) (  10,   40) (   0,   40) (   0,   40) (   0,   40) (   0,   30)
          (   0,   20) (   0,   20) (   0,   20) (   0,   20) (   0,   20) (   0,   10) (   0,   10) (   0,   10) (   0,   10) (   0,   10)
          (   0,    0) (   0,    0) (   0,    0) (   0,    0) (   0,    0) (   0,    0) (   0,    0) (   0,    0) (   0,    0) (   0,    0)
          (   0,    0) (   0,    0) (   0,    0) (   0,    0) (   0,    0) (   0,    0) (   0,    0) (   0,    0) (   0,    0) (   0,    0)
          (   0,    0) (   0,    0) (   0,    0) (   0,    0) (   0,    0) (   0,    0) (   0,    0) (   0,    0) (   0,    0) (   0,    0)
          (   0,    0) (   0,    0) (   0,    0) (   0,    0) (   0,    0) (   0,    0) (   0,    0) (   0,    0) (   0,    0) (   0,    0)
          (   0,    0) (   0,    0) (   0,    0) (   0,    0) (   0,    0) (   0,    0) (   0,    0) (   0,    0) (   0,    0) (   0,    0)
          (   0,    0) (   0,    0) (   0,    0) (   0,    0) (   0,    0) (   0,    0) (   0,    0) (   0,    0) (   0,    0) (   0,    0)
          (   0,    0) (   0,    0) (   0,    0) (   0,    0) (   0,    0) (   0,    0) (   0,    0) (   0,    0) (   0,    0) (   0,    0)
          (   0,    0) (   0,    0) (   0,    0) (   0,    0) (   0,    0) (   0,    0) (   0,    0) (   0,    0) (   0,    0) (   0,    0)
          (   0,    0) (   0,    0) (   0,    0) (   0,    0) (   0,    0) (   0,    0) (   0,    0) (   0,    0) (   0,    0) (   0,    0)
          (   0,    0) (   0,    0) (   0,    0) (   0,    0) (   0,    0) (   0,    0) (   0,    0) (   0,    0) (   0,    0) (   0,    0)
          (   0,    0) (   0,    0) (   0,    0) (   0,    0) (   0,    0) (   0,    0) (   0,    0) (   0,    0) (   0,    0) (   0,    0)
          (   0,    0) (   0,    0) (   0,    0) (   0,    0) (   0,    0) (   0,    0) (   0,    0) (   0,    0) (   0,    0) (   0,    0)
          (   0,    0) (   0,    0) (   0,    0) (   0,    0) (   0,    0) (   0,    0) (   0,    0) (   0,    0) (   0,    0) (   0,    0)
          (   0,    0) (   0,    0) (   0,    0) (   0,    0) (   0,    0) (   0,    0) (   0,    0) (   0,    0) (   0,    0) (   0,    0)
          (   0,    0) (   0,    0) (   0,    0) (   0,    0) (   0,    0) (   0,    0) (   0,    0) (   0,    0) (   0,    0) (   0,    0)
          (   0,    0) (   0,    0) (   0,    0) (   0,    0) (   0,    0) (   0,    0) (   0,    0) (   0,    0) (   0,    0) (   0,    0)
          (   0,    0) (   0,    0) (   0,    0) (   0,    0) (   0,    0) (   0,    0) (   0,    0) (   0,    0) (   0,    0) (   0,    0)
          (   0,    0) (   0,    0) (   0,    0) (   0,    0) (   0,    0) (   0,    0) (   0,    0) (   0,    0) (   0,    0) (   0,    0)
          (   0,    0) (   0,    0) (   0,    0) (   0,    0) (   0,    0) (   0,    0) (   0,    0) (   0,    0) (   0,    0) (   0,    0)
          (   0,    0) (   0,    0) (   0,    0) (   0,    0) (   0,    0) (   0,    0) (   0,    0) (   0,    0) (   0,    0) (   0,    0)
          (   0,    0) (   0,    0) (   0,    0) (   0,    0) (   0,    0) (   0,    0) (   0,    0) (   0,    0) (   0,    0) (   0,    0)
          (   0,    0) (   0,    0) (   0,    0) (   0,    0) (   0,    0) (   0,    0) (   0,    0) (   0,    0) (   0,    0) (   0,    0)
          (   0,    0) (   0,    0) (   0,    0) (   0,    0) (   0,    0) (   0,    0) (   0,    0) (   0,    0) (   0,    0) (   0,    0)
         
node   5 sent_total  38314  recv_total  34796

node   6  (   0,    0) (   1,    0) (   0,    0) (  30,   12) (  56,   24) (  90,   76) (  90,   89) (  90,   89) (  90,   89) (  90,   89)
          (  90,   89) (  90,   89) (  90,   89) (  90,   89) (  90,   89) (  90,   89) (  90,   89) (  90,   89) (  90,   89) (  90,   89)
          (  90,   89) (  90,   89) (  90,   89) (  90,   89) (  90,   89) (  90,   89) (  90,   89) (  90,   89) (  90,   89) (  90,   89)
          (  90,   89) (  90,   89) (  90,   89) (  90,   89) (  90,   89) (  90,   89) (  90,   89) (  90,   89) (  90,   89) (  90,   89)
          (  90,   89) (  90,   89) (  90,   89) (  90,   89) (  90,   89) (  90,   89) (  90,   89) (  90,   89) (  90,   89) (  90,   89)
          (  90,   89) (  82,   89) (  79,   83) (  77,   81) (  80,   77) (  78,   84) (  84,   75) (  78,   82) (  80,   80) (  82,   80)
          (  80,   82) (  79,   75) (  80,   81) (  80,   81) (  80,   79) (  76,   79) (  82,   77) (  81,   79) (  86,   78) (  80,   81)
          (  82,   76) (  80,   85) (  80,   79) (  80,   76) (  85,   81) (  84,   78) (  82,   81) (  80,   80) (  80,   82) (  81,   83)
          (  78,   83) (  83,   82) (  78,   81) (  80,   83) (  73,   76) (  82,   75) (  78,   78) (  83,   77) (  84,   84) (  84,   81)
          (  85,   81) (  80,   82) (  83,   79) (  84,   81) (  82,   84) (  84,   83) (  79,   80) (  79,   81) (  84,   81) (  79,   75)
          (  84,   83) (  78,   82) (  84,   73) (  83,   70) (  79,   65) (  82,   69) (  83,   70) (  81,   69) (  81,   72) (  80,   68)
          (  84,   65) (  82,   74) (  80,   75) (  79,   73) (  78,   71) (  82,   71) (  82,   76) (  80,   70) (  84,   68) (  84,   71)
          (  81,   71) (  92,   69) (  79,   83) (  81,   72) (  78,   72) (  79,   74) (  77,   67) (  85,   69) (  84,   70) (  83,   71)
          (  77,   73) (  83,   68) (  85,   71) (  79,   75) (  76,   73) (  83,   71) (  82,   68) (  80,   73) (  82,   73) (  79,   72)
          (  81,   73) (  82,   70) (  80,   66) (  79,   72) (  78,   70) (  81,   68) (  81,   70) (  78,   74) (  80,   73) (  80,   73)
          (  76,   71) (  81,   67) (  83,   72) (  80,   71) (  85,   74) (  81,   73) (  82,   70) (  85,   71) (  83,   66) (  82,   72)
          (  79,   74) (  85,   71) (  83,   70) (  84,   71) (  84,   71) (  75,   71) (  84,   72) (  82,   68) (  83,   69) (  79,   68)
          (  83,   66) (  82,   72) (  84,   73) (  83,   72) (  77,   68) (  84,   71) (  87,   69) (  83,   74) (  81,   73) (  78,   71)
          (  80,   69) (  77,   72) (  82,   72) (  81,   74) (  85,   71) (  82,   76) (  83,   74) (  76,   73) (  82,   70) (  81,   72)
          (  84,   74) (  80,   68) (  81,   73) (  81,   74) (  81,   74) (  81,   71) (  81,   67) (  83,   72) (  78,   75) (  87,   68)
          (  75,   75) (  80,   72) (  75,   72) (  79,   68) (  81,   71) (  79,   70) (  85,   73) (  81,   74) (  80,   70) (  75,   65)
          (  79,   74) (  83,   72) (  84,   73) (  76,   75) (  82,   67) (  81,   69) (  78,   72) (  81,   70) (  85,   64) (  86,   72)
          (  78,   71) (  81,   70) (  80,   70) (  86,   69) (  74,   73) (  83,   74) (  84,   72) (  80,   70) (  78,   79) (  83,   71)
          (  83,   66) (  85,   67) (  82,   72) (  83,   74) (  84,   71) (  77,   69) (  76,   67) (  86,   71) (  83,   69) (  80,   69)
          (  76,   71) (  85,   73) (  75,   72) (  81,   67) (  82,   72) (  80,   70) (  82,   71) (  84,   76) (  81,   68) (  79,   74)
          (  81,   77) (  78,   70) (  83,   74) (  81,   69) (  81,   72) (  74,   71) (  78,   72) (  82,   71) (  83,   73) (  83,   71)
          (  81,   67) (  81,   72) (  75,   67) (  76,   69) (  78,   71) (  82,   68) (  82,   72) (  84,   71) (  78,   74) (  83,   74)
          (  83,   72) (  74,   75) (  81,   71) (  82,   75) (  86,   71) (  84,   66) (  83,   69) (  82,   70) (  83,   70) (  76,   70)
          (  81,   72) (  84,   71) (  82,   68) (  84,   73) (  79,   68) (  80,   69) (  79,   67) (  82,   75) (  82,   71) (  80,   72)
          (  79,   73) (  78,   67) (  83,   72) (  80,   73) (  83,   74) (  82,   70) (  80,   71) (  81,   72) (  81,   69) (  79,   73)
          (  81,   73) (  90,   72) (  90,   79) (  90,   79) (  90,   79) (  90,   79) (  90,   79) (  90,   79) (  90,   79) (  90,   79)
          (  90,   79) (  90,   79) (  90,   79) (  90,   79) (  90,   79) (  90,   79) (  90,   79) (  90,   79) (  90,   79) (  90,   79)
          (  90,   79) (  90,   79) (  90,   79) (  90,   79) (  90,   79) (  90,   79) (  90,   79) (  90,   79) (  90,   79) (  90,   79)
          (  90,   79) (  90,   79) (  90,   79) (  90,   79) (  90,   79) (  90,   79) (  90,   79) (  90,   79) (  90,   79) (  90,   79)
          (  90,   79) (  90,   79) (  90,   79) (  90,   79) (  90,   79) (  90,   79) (  90,   79) (  90,   79) (  90,   79) (  90,   79)
          (  90,   79) (  90,   79) (  90,   79) (  90,   79) (  90,   79) (  90,   79) (  90,   79) (  90,   79) (  90,   79) (  90,   79)
          (  90,   79) (  90,   79) (  90,   79) (  90,   79) (  90,   79) (  90,   79) (  90,   79) (  90,   79) (  90,   79) (  90,   79)
          (  90,   79) (  90,   79) (  90,   79) (  90,   79) (  90,   79) (  90,   79) (  90,   79) (  90,   79) (  90,   79) (  90,   79)
          (  90,   79) (  90,   79) (  90,   79) (  90,   79) (  90,   79) (  90,   79) (  90,   79) (  90,   79) (  90,   79) (  90,   79)
          (  90,   79) (  90,   79) (  90,   79) (  90,   79) (  90,   79) (  90,   79) (  90,   79) (  90,   79) (  90,   79) (  90,   79)
          (  90,   79) (  90,   79) (  90,   79) (  90,   79) (  90,   79) (  90,   79) (  90,   79) (  90,   79) (  90,   79) (  90,   79)
          (  90,   79) (  90,   79) (  90,   79) (  90,   79) (  90,   79) (  90,   79) (  90,   79) (  90,   79) (  90,   79) (  90,   79)
          (  90,   79) (  90,   79) (  90,   79) (  90,   79) (  90,   79) (  90,   79) (  90,   79) (  90,   79) (  90,   79) (  90,   79)
          (  90,   79) (  90,   79) (  90,   79) (  90,   79) (  90,   79) (  90,   79) (  90,   79) (  90,   79) (  90,   79) (  90,   79)
          (  90,   79) (  90,   79) (  90,   79) (  90,   79) (  90,   79) (  90,   79) (  90,   79) (  90,   79) (  90,   79) (  90,   79)
          (  90,   70) (  90,   60) (  90,   60) (  90,   50) (  90,   40) (  90,   40) (  60,   30) (  20,   30) (   0,   30) (   0,   30)
          (   0,   30) (   0,   20) (   0,   20) (   0,   10) (   0,   10) (   0,   10) (   0,   10) (   0,   10) (   0,   10) (   0,   10)
          (   0,   10) (   0,    0) (   0,    0) (   0,    0) (   0,    0) (   0,    0) (   0,    0) (   0,    0) (   0,    0) (   0,    0)
          (   0,    0) (   0,    0) (   0,    0) (   0,    0) (   0,    0) (   0,    0) (   0,    0) (   0,    0) (   0,    0) (   0,    0)
          (   0,    0) (   0,    0) (   0,    0) (   0,    0) (   0,    0) (   0,    0) (   0,    0) (   0,    0) (   0,    0) (   0,    0)
          (   0,    0) (   0,    0) (   0,    0) (   0,    0) (   0,    0) (   0,    0) (   0,    0) (   0,    0) (   0,    0) (   0,    0)
          (   0,    0) (   0,    0) (   0,    0) (   0,    0) (   0,    0) (   0,    0) (   0,    0) (   0,    0) (   0,    0) (   0,    0)
          (   0,    0) (   0,    0) (   0,    0) (   0,    0) (   0,    0) (   0,    0) (   0,    0) (   0,    0) (   0,    0) (   0,    0)
          (   0,    0) (   0,    0) (   0,    0) (   0,    0) (   0,    0) (   0,    0) (   0,    0) (   0,    0) (   0,    0) (   0,    0)
          (   0,    0) (   0,    0) (   0,    0) (   0,    0) (   0,    0) (   0,    0) (   0,    0) (   0,    0) (   0,    0) (   0,    0)
          (   0,    0) (   0,    0) (   0,    0) (   0,    0) (   0,    0) (   0,    0) (   0,    0) (   0,    0) (   0,    0) (   0,    0)
          (   0,    0) (   0,    0) (   0,    0) (   0,    0) (   0,    0) (   0,    0) (   0,    0) (   0,    0) (   0,    0) (   0,    0)
          (   0,    0) (   0,    0) (   0,    0) (   0,    0) (   0,    0) (   0,    0) (   0,    0) (   0,    0) (   0,    0) (   0,    0)
          (   0,    0) (   0,    0) (   0,    0) (   0,    0) (   0,    0) (   0,    0) (   0,    0) (   0,    0) (   0,    0) (   0,    0)
          (   0,    0) (   0,    0) (   0,    0) (   0,    0) (   0,    0) (   0,    0) (   0,    0) (   0,    0) (   0,    0) (   0,    0)
          (   0,    0) (   0,    0) (   0,    0) (   0,    0) (   0,    0) (   0,    0) (   0,    0) (   0,    0) (   0,    0) (   0,    0)
          (   0,    0) (   0,    0) (   0,    0) (   0,    0) (   0,    0) (   0,    0) (   0,    0) (   0,    0) (   0,    0) (   0,    0)
          (   0,    0) (   0,    0) (   0,    0) (   0,    0) (   0,    0) (   0,    0) (   0,    0) (   0,    0) (   0,    0) (   0,    0)
          (   0,    0) (   0,    0) (   0,    0) (   0,    0) (   0,    0) (   0,    0) (   0,    0) (   0,    0) (   0,    0) (   0,    0)
          (   0,    0) (   0,    0) (   0,    0) (   0,    0) (   0,    0) (   0,    0) (   0,    0) (   0,    0) (   0,    0) (   0,    0)
          (   0,    0) (   0,    0) (   0,    0) (   0,    0) (   0,    0) (   0,    0) (   0,    0) (   0,    0) (   0,    0) (   0,    0)
          (   0,    0) (   0,    0) (   0,    0) (   0,    0) (   0,    0) (   0,    0) (   0,    0) (   0,    0) (   0,    0) (   0,    0)
          (   0,    0) (   0,    0) (   0,    0) (   0,    0) (   0,    0) (   0,    0) (   0,    0) (   0,    0) (   0,    0) (   0,    0)
          (   0,    0) (   0,    0) (   0,    0) (   0,    0) (   0,    0) (   0,    0) (   0,    0) (   0,    0) (   0,    0) (   0,    0)
          (   0,    0) (   0,    0) (   0,    0) (   0,    0) (   0,    0) (   0,    0) (   0,    0) (   0,    0) (   0,    0) (   0,    0)
         
node   6 sent_total  38510  recv_total  34714

node   7  (   0,    0) (   1,    0) (   0,    0) (  42,   13) (  56,   17) (  90,   76) (  90,   89) (  90,   89) (  90,   89) (  90,   89)
          (  90,   89) (  90,   89) (  90,   89) (  90,   89) (  90,   89) (  90,   89) (  90,   89) (  90,   89) (  90,   89) (  90,   89)
          (  90,   89) (  90,   89) (  90,   89) (  90,   89) (  90,   89) (  90,   89) (  90,   89) (  90,   89) (  90,   89) (  90,   89)
          (  90,   89) (  90,   89) (  90,   89) (  90,   89) (  90,   89) (  90,   89) (  90,   89) (  90,   89) (  90,   89) (  90,   89)
          (  90,   89) (  90,   89) (  90,   89) (  90,   89) (  90,   89) (  90,   89) (  90,   89) (  90,   89) (  90,   89) (  90,   89)
          (  90,   89) (  79,   89) (  83,   82) (  81,   78) (  80,   81) (  80,   82) (  82,   84) (  82,   83) (  84,   74) (  85,   82)
          (  82,   83) (  83,   82) (  80,   80) (  78,   78) (  81,   84) (  79,   72) (  82,   81) (  78,   86) (  82,   81) (  79,   83)
          (  79,   76) (  83,   79) (  81,   84) (  77,   84) (  81,   80) (  80,   82) (  81,   83) (  84,   79) (  79,   84) (  84,   81)
          (  86,   82) (  76,   83) (  88,   83) (  87,   78) (  79,   84) (  83,   75) (  80,   79) (  82,   79) (  87,   79) (  82,   81)
          (  83,   80) (  84,   78) (  84,   77) (  78,   78) (  74,   80) (  82,   82) (  79,   78) (  77,   83) (  77,   76) (  75,   82)
          (  80,   83) (   0,    0) (   0,    0) (   0,    0) (   0,    0) (   0,    0) (   0,    0) (   0,    0) (   0,    0) (   0,    0)
          (   0,    0) (   0,    0) (   0,    0) (   0,    0) (   0,    0) (   0,    0) (   0,    0) (   0,    0) (   0,    0) (   0,    0)
          (   0,    0) (   0,    0) (   0,    0) (   0,    0) (   0,    0) (   0,    0) (   0,    0) (   0,    0) (   0,    0) (   0,    0)
          (   0,    0) (   0,    0) (   0,    0) (   0,    0) (   0,    0) (   0,    0) (   0,    0) (   0,    0) (   0,    0) (   0,    0)
          (   0,    0) (   0,    0) (   0,    0) (   0,    0) (   0,    0) (   0,    0) (   0,    0) (   0,    0) (   0,    0) (   0,    0)
          (   0,    0) (   0,    0) (   0,    0) (   0,    0) (   0,    0) (   0,    0) (   0,    0) (   0,    0) (   0,    0) (   0,    0)
          (   0,    0) (   0,    0) (   0,    0) (   0,    0) (   0,    0) (   0,    0) (   0,    0) (   0,    0) (   0,    0) (   0,    0)
          (   0,    0) (   0,    0) (   0,    0) (   0,    0) (   0,    0) (   0,    0) (   0,    0) (   0,    0) (   0,    0) (   0,    0)
          (   0,    0) (   0,    0) (   0,    0) (   0,    0) (   0,    0) (   0,    0) (   0,    0) (   0,    0) (   0,    0) (   0,    0)
          (   0,    0) (   0,    0) (   0,    0) (   0,    0) (   0,    0) (   0,    0) (   0,    0) (   0,    0) (   0,    0) (   0,    0)
          (   0,    0) (   0,    0) (   0,    0) (   0,    0) (   0,    0) (   0,    0) (   0,    0) (   0,    0) (   0,    0) (   0,    0)
          (   0,    0) (   0,    0) (   0,    0) (   0,    0) (   0,    0) (   0,    0) (   0,    0) (   0,    0) (   0,    0) (   0,    0)
          (   0,    0) (   0,    0) (   0,    0) (   0,    0) (   0,    0) (   0,    0) (   0,    0) (   0,    0) (   0,    0) (   0,    0)
          (   0,    0) (   0,    0) (   0,    0) (   0,    0) (   0,    0) (   0,    0) (   0,    0) (   0,    0) (   0,    0) (   0,    0)
          (   0,    0) (   0,    0) (   0,    0) (   0,    0) (   0,    0) (   0,    0) (   0,    0) (   0,    0) (   0,    0) (   0,    0)
          (   0,    0) (   0,    0) (   0,    0) (   0,    0) (   0,    0) (   0,    0) (   0,    0) (   0,    0) (   0,    0) (   0,    0)
          (   0,    0) (   0,    0) (   0,    0) (   0,    0) (   0,    0) (   0,    0) (   0,    0) (   0,    0) (   0,    0) (   0,    0)
          (   0,    0) (   0,    0) (   0,    0) (   0,    0) (   0,    0) (   0,    0) (   0,    0) (   0,    0) (   0,    0) (   0,    0)
          (   0,    0) (   0,    0) (   0,    0) (   0,    0) (   0,    0) (   0,    0) (   0,    0) (   0,    0) (   0,    0) (   0,    0)
          (   0,    0) (   0,    0) (   0,    0) (   0,    0) (   0,    0) (   0,    0) (   0,    0) (   0,    0) (   0,    0) (   0,    0)
          (   0,    0) (   0,    0) (   0,    0) (   0,    0) (   0,    0) (   0,    0) (   0,    0) (   0,    0) (   0,    0) (   0,    0)
          (   0,    0) (   0,    0) (   0,    0) (   0,    0) (   0,    0) (   0,    0) (   0,    0) (   0,    0) (   0,    0) (   0,    0)
          (   0,    0) (   0,    0) (   0,    0) (   0,    0) (   0,    0) (   0,    0) (   0,    0) (   0,    0) (   0,    0) (   0,    0)
          (   0,    0) (   0,    0) (   0,    0) (   0,    0) (   0,    0) (   0,    0) (   0,    0) (   0,    0) (   0,    0) (   0,    0)
          (   0,    0) (   0,    0) (   0,    0) (   0,    0) (   0,    0) (   0,    0) (   0,    0) (   0,    0) (   0,    0) (   0,    0)
          (   0,    0) (   0,    0) (   0,    0) (   0,    0) (   0,    0) (   0,    0) (   0,    0) (   0,    0) (   0,    0) (   0,    0)
          (   0,    0) (   0,    0) (   0,    0) (   0,    0) (   0,    0) (   0,    0) (   0,    0) (   0,    0) (   0,    0) (   0,    0)
          (   0,    0) (   0,    0) (   0,    0) (   0,    0) (   0,    0) (   0,    0) (   0,    0) (   0,    0) (   0,    0) (   0,    0)
          (   0,    0) (   0,    0) (   0,    0) (   0,    0) (   0,    0) (   0,    0) (   0,    0) (   0,    0) (   0,    0) (   0,    0)
          (   0,    0) (   0,    0) (   0,    0) (   0,    0) (   0,    0) (   0,    0) (   0,    0) (   0,    0) (   0,    0) (   0,    0)
          (   0,    0) (   0,    0) (   0,    0) (   0,    0) (   0,    0) (   0,    0) (   0,    0) (   0,    0) (   0,    0) (   0,    0)
          (   0,    0) (   0,    0) (   0,    0) (   0,    0) (   0,    0) (   0,    0) (   0,    0) (   0,    0) (   0,    0) (   0,    0)
          (   0,    0) (   0,    0) (   0,    0) (   0,    0) (   0,    0) (   0,    0) (   0,    0) (   0,    0) (   0,    0) (   0,    0)
          (   0,    0) (   0,    0) (   0,    0) (   0,    0) (   0,    0) (   0,    0) (   0,    0) (   0,    0) (   0,    0) (   0,    0)
          (   0,    0) (   0,    0) (   0,    0) (   0,    0) (   0,    0) (   0,    0) (   0,    0) (   0,    0) (   0,    0) (   0,    0)
          (   0,    0) (   0,    0) (   0,    0) (   0,    0) (   0,    0) (   0,    0) (   0,    0) (   0,    0) (   0,    0) (   0,    0)
          (   0,    0) (   0,    0) (   0,    0) (   0,    0) (   0,    0) (   0,    0) (   0,    0) (   0,    0) (   0,    0) (   0,    0)
          (   0,    0) (   0,    0) (   0,    0) (   0,    0) (   0,    0) (   0,    0) (   0,    0) (   0,    0) (   0,    0) (   0,    0)
          (   0,    0) (   0,    0) (   0,    0) (   0,    0) (   0,    0) (   0,    0) (   0,    0) (   0,    0) (   0,    0) (   0,    0)
          (   0,    0) (   0,    0) (   0,    0) (   0,    0) (   0,    0) (   0,    0) (   0,    0) (   0,    0) (   0,    0) (   0,    0)
          (   0,    0) (   0,    0) (   0,    0) (   0,    0) (   0,    0) (   0,    0) (   0,    0) (   0,    0) (   0,    0) (   0,    0)
          (   0,    0) (   0,    0) (   0,    0) (   0,    0) (   0,    0) (   0,    0) (   0,    0) (   0,    0) (   0,    0) (   0,    0)
          (   0,    0) (   0,    0) (   0,    0) (   0,    0) (   0,    0) (   0,    0) (   0,    0) (   0,    0) (   0,    0) (   0,    0)
          (   0,    0) (   0,    0) (   0,    0) (   0,    0) (   0,    0) (   0,    0) (   0,    0) (   0,    0) (   0,    0) (   0,    0)
          (   0,    0) (   0,    0) (   0,    0) (   0,    0) (   0,    0) (   0,    0) (   0,    0) (   0,    0) (   0,    0) (   0,    0)
          (   0,    0) (   0,    0) (   0,    0) (   0,    0) (   0,    0) (   0,    0) (   0,    0) (   0,    0) (   0,    0) (   0,    0)
          (   0,    0) (   0,    0) (   0,    0) (   0,    0) (   0,    0) (   0,    0) (   0,    0) (   0,    0) (   0,    0) (   0,    0)
          (   0,    0) (   0,    0) (   0,    0) (   0,    0) (   0,    0) (   0,    0) (   0,    0) (   0,    0) (   0,    0) (   0,    0)
          (   0,    0) (   0,    0) (   0,    0) (   0,    0) (   0,    0) (   0,    0) (   0,    0) (   0,    0) (   0,    0) (   0,    0)
          (   0,    0) (   0,    0) (   0,    0) (   0,    0) (   0,    0) (   0,    0) (   0,    0) (   0,    0) (   0,    0) (   0,    0)
          (   0,    0) (   0,    0) (   0,    0) (   0,    0) (   0,    0) (   0,    0) (   0,    0) (   0,    0) (   0,    0) (   0,    0)
          (   0,    0) (   0,    0) (   0,    0) (   0,    0) (   0,    0) (   0,    0) (   0,    0) (   0,    0) (   0,    0) (   0,    0)
          (   0,    0) (   0,    0) (   0,    0) (   0,    0) (   0,    0) (   0,    0) (   0,    0) (   0,    0) (   0,    0) (   0,    0)
          (   0,    0) (   0,    0) (   0,    0) (   0,    0) (   0,    0) (   0,    0) (   0,    0) (   0,    0) (   0,    0) (   0,    0)
          (   0,    0) (   0,    0) (   0,    0) (   0,    0) (   0,    0) (   0,    0) (   0,    0) (   0,    0) (   0,    0) (   0,    0)
          (   0,    0) (   0,    0) (   0,    0) (   0,    0) (   0,    0) (   0,    0) (   0,    0) (   0,    0) (   0,    0) (   0,    0)
          (   0,    0) (   0,    0) (   0,    0) (   0,    0) (   0,    0) (   0,    0) (   0,    0) (   0,    0) (   0,    0) (   0,    0)
          (   0,    0) (   0,    0) (   0,    0) (   0,    0) (   0,    0) (   0,    0) (   0,    0) (   0,    0) (   0,    0) (   0,    0)
          (   0,    0) (   0,    0) (   0,    0) (   0,    0) (   0,    0) (   0,    0) (   0,    0) (   0,    0) (   0,    0) (   0,    0)
          (   0,    0) (   0,    0) (   0,    0) (   0,    0) (   0,    0) (   0,    0) (   0,    0) (   0,    0) (   0,    0) (   0,    0)
         
node   7 sent_total   8291  recv_total   8148

node   8  (   0,    0) (   1,    0) (   0,    0) (  56,   14) (  56,    9) (  90,   76) (  90,   89) (  90,   89) (  90,   89) (  90,   89)
          (  90,   89) (  90,   89) (  90,   89) (  90,   89) (  90,   89) (  90,   89) (  90,   89) (  90,   89) (  90,   89) (  90,   89)
          (  90,   89) (  90,   89) (  90,   89) (  90,   89) (  90,   89) (  90,   89) (  90,   89) (  90,   89) (  90,   89) (  90,   89)
          (  90,   89) (  90,   89) (  90,   89) (  90,   89) (  90,   89) (  90,   89) (  90,   89) (  90,   89) (  90,   89) (  90,   89)
          (  90,   89) (  90,   89) (  90,   89) (  90,   89) (  90,   89) (  90,   89) (  90,   89) (  90,   89) (  90,   89) (  90,   89)
          (  90,   89) (  82,   89) (  78,   80) (  83,   76) (  84,   80) (  81,   80) (  87,   81) (  76,   81) (  78,   78) (  78,   77)
          (  81,   77) (  78,   80) (  84,   80) (  82,   77) (  75,   78) (  81,   85) (  80,   80) (  79,   79) (  82,   74) (  78,   80)
          (  82,   79) (  83,   73) (  86,   80) (  80,   79) (  81,   78) (  75,   80) (  83,   80) (  82,   79) (  81,   80) (  82,   77)
          (  80,   78) (  88,   72) (  83,   79) (  79,   84) (  85,   80) (  77,   81) (  82,   79) (  76,   82) (  82,   82) (  77,   80)
          (  80,   79) (  81,   79) (  85,   80) (  80,   81) (  83,   75) (  83,   76) (  83,   81) (  78,   81) (  79,   79) (  85,   81)
          (  80,   81) (  82,   75) (  83,   72) (  80,   71) (  84,   72) (  81,   73) (  81,   71) (  80,   69) (  83,   68) (  77,   70)
          (  83,   73) (  83,   75) (  78,   65) (  84,   72) (  84,   71) (  81,   75) (  81,   74) (  87,   69) (  81,   71) (  85,   72)
          (  79,   76) (  91,   70) (  78,   79) (  82,   68) (  84,   71) (  85,   71) (  83,   70) (  80,   71) (  81,   67) (  85,   74)
          (  84,   61) (  77,   68) (  78,   71) (  82,   69) (  82,   76) (  85,   69) (  84,   74) (  86,   75) (  81,   72) (  79,   72)
          (  76,   74) (  79,   71) (  80,   68) (  84,   72) (  77,   68) (  82,   65) (  79,   68) (  84,   71) (  77,   67) (  81,   72)
          (  81,   69) (  75,   66) (  85,   68) (  79,   69) (  81,   74) (  79,   71) (  84,   71) (  78,   67) (  80,   76) (  83,   70)
          (  84,   72) (  80,   69) (  82,   68) (  83,   72) (  80,   70) (  86,   74) (  81,   71) (  86,   69) (  78,   69) (  78,   71)
          (  85,   71) (  79,   72) (  78,   74) (  81,   71) (  81,   71) (  80,   69) (  86,   68) (  82,   75) (  83,   73) (  82,   72)
          (  77,   71) (  82,   67) (  83,   67) (  83,   74) (  81,   65) (  76,   72) (  81,   71) (  78,   75) (  84,   69) (  83,   70)
          (  80,   75) (  79,   68) (  83,   68) (  84,   75) (  78,   75) (  80,   73) (  77,   74) (  81,   69) (  84,   76) (  84,   72)
          (  83,   69) (  80,   71) (  84,   68) (  83,   66) (  87,   70) (  83,   69) (  78,   74) (  83,   70) (  79,   74) (  83,   72)
          (  80,   71) (  85,   70) (  85,   72) (  85,   65) (  83,   67) (  78,   68) (  79,   68) (  82,   70) (  82,   75) (  81,   69)
          (  84,   76) (  82,   72) (  83,   68) (  84,   70) (  79,   73) (  80,   72) (  78,   72) (  85,   70) (  77,   74) (  76,   75)
          (  80,   71) (  82,   75) (  81,   73) (  83,   76) (  86,   71) (  85,   69) (  83,   72) (  80,   67) (  78,   74) (  75,   70)
          (  82,   71) (  79,   73) (  81,   71) (  82,   71) (  78,   74) (  81,   73) (  80,   70) (  79,   66) (  80,   73) (  80,   67)
          (  82,   65) (  82,   75) (  78,   71) (  77,   71) (  81,   69) (  81,   67) (  80,   71) (  83,   72) (  85,   73) (  83,   69)
          (  82,   73) (  75,   72) (  81,   72) (  84,   70) (  87,   73) (  82,   69) (  77,   71) (  83,   73) (  80,   67) (  80,   72)
          (  88,   73) (  77,   63) (  85,   73) (  82,   70) (  86,   71) (  78,   69) (  82,   68) (  81,   68) (  84,   70) (  78,   71)
          (  77,   65) (  83,   67) (  76,   69) (  80,   70) (  79,   74) (  81,   70) (  83,   73) (  84,   72) (  80,   73) (  81,   68)
          (  80,   69) (  80,   72) (  82,   71) (  81,   70) (  76,   71) (  82,   72) (  82,   72) (  80,   70) (  83,   70) (  81,   68)
          (  73,   73) (  90,   67) (  90,   79) (  90,   79) (  90,   79) (  90,   79) (  90,   79) (  90,   79) (  90,   79) (  90,   79)
          (  90,   79) (  90,   79) (  90,   79) (  90,   79) (  90,   79) (  90,   79) (  90,   79) (  90,   79) (  90,   79) (  90,   79)
          (  90,   79) (  90,   79) (  90,   79) (  90,   79) (  90,   79) (  90,   79) (  90,   79) (  90,   79) (  90,   79) (  90,   79)
          (  90,   79) (  90,   79) (  90,   79) (  90,   79) (  90,   79) (  90,   79) (  90,   79) (  90,   79) (  90,   79) (  90,   79)
          (  90,   79) (  90,   79) (  90,   79) (  90,   79) (  90,   79) (  90,   79) (  90,   79) (  90,   79) (  90,   79) (  90,   79)
          (  90,   79) (  90,   79) (  90,   79) (  90,   79) (  90,   79) (  90,   79) (  90,   79) (  90,   79) (  90,   79) (  90,   79)
          (  90,   79) (  90,   79) (  90,   79) (  90,   79) (  90,   79) (  90,   79) (  90,   79) (  90,   79) (  90,   79) (  90,   79)
          (  90,   79) (  90,   79) (  90,   79) (  90,   79) (  90,   79) (  90,   79) (  90,   79) (  90,   79) (  90,   79) (  90,   79)
          (  90,   79) (  90,   79) (  90,   79) (  90,   79) (  90,   79) (  90,   79) (  90,   79) (  90,   79) (  90,   79) (  90,   79)
          (  90,   79) (  90,   79) (  90,   79) (  90,   79) (  90,   79) (  90,   79) (  90,   79) (  90,   79) (  90,   79) (  90,   79)
          (  90,   79) (  90,   79) (  90,   79) (  90,   79) (  90,   79) (  90,   79) (  90,   79) (  90,   79) (  90,   79) (  90,   79)
          (  90,   79) (  90,   79) (  90,   79) (  90,   79) (  90,   79) (  90,   79) (  90,   79) (  90,   79) (  90,   79) (  90,   79)
          (  90,   79) (  90,   79) (  90,   79) (  90,   79) (  90,   79) (  90,   79) (  90,   79) (  90,   79) (  90,   79) (  90,   79)
          (  90,   79) (  90,   79) (  90,   79) (  90,   79) (  90,   79) (  90,   79) (  90,   79) (  90,   79) (  90,   79) (  90,   79)
          (  90,   79) (  90,   79) (  90,   79) (  90,   79) (  90,   79) (  90,   79) (  90,   79) (  90,   79) (  90,   79) (  90,   79)
          (  90,   70) (  90,   60) (  90,   50) (  90,   50) (  90,   40) (  90,   30) (  90,   30) (  90,   20) (  80,   20) (  50,   20)
          (  20,   20) (   0,   20) (   0,   20) (   0,   20) (   0,   20) (   0,   20) (   0,   10) (   0,   10) (   0,   10) (   0,   10)
          (   0,   10) (   0,   10) (   0,   10) (   0,    0) (   0,    0) (   0,    0) (   0,    0) (   0,    0) (   0,    0) (   0,    0)
          (   0,    0) (   0,    0) (   0,    0) (   0,    0) (   0,    0) (   0,    0) (   0,    0) (   0,    0) (   0,    0) (   0,    0)
          (   0,    0) (   0,    0) (   0,    0) (   0,    0) (   0,    0) (   0,    0) (   0,    0) (   0,    0) (   0,    0) (   0,    0)
          (   0,    0) (   0,    0) (   0,    0) (   0,    0) (   0,    0) (   0,    0) (   0,    0) (   0,    0) (   0,    0) (   0,    0)
          (   0,    0) (   0,    0) (   0,    0) (   0,    0) (   0,    0) (   0,    0) (   0,    0) (   0,    0) (   0,    0) (   0,    0)
          (   0,    0) (   0,    0) (   0,    0) (   0,    0) (   0,    0) (   0,    0) (   0,    0) (   0,    0) (   0,    0) (   0,    0)
          (   0,    0) (   0,    0) (   0,    0) (   0,    0) (   0,    0) (   0,    0) (   0,    0) (   0,    0) (   0,    0) (   0,    0)
          (   0,    0) (   0,    0) (   0,    0) (   0,    0) (   0,    0) (   0,    0) (   0,    0) (   0,    0) (   0,    0) (   0,    0)
          (   0,    0) (   0,    0) (   0,    0) (   0,    0) (   0,    0) (   0,    0) (   0,    0) (   0,    0) (   0,    0) (   0,    0)
          (   0,    0) (   0,    0) (   0,    0) (   0,    0) (   0,    0) (   0,    0) (   0,    0) (   0,    0) (   0,    0) (   0,    0)
          (   0,    0) (   0,    0) (   0,    0) (   0,    0) (   0,    0) (   0,    0) (   0,    0) (   0,    0) (   0,    0) (   0,    0)
          (   0,    0) (   0,    0) (   0,    0) (   0,    0) (   0,    0) (   0,    0) (   0,    0) (   0,    0) (   0,    0) (   0,    0)
          (   0,    0) (   0,    0) (   0,    0) (   0,    0) (   0,    0) (   0,    0) (   0,    0) (   0,    0) (   0,    0) (   0,    0)
          (   0,    0) (   0,    0) (   0,    0) (   0,    0) (   0,    0) (   0,    0) (   0,    0) (   0,    0) (   0,    0) (   0,    0)
          (   0,    0) (   0,    0) (   0,    0) (   0,    0) (   0,    0) (   0,    0) (   0,    0) (   0,    0) (   0,    0) (   0,    0)
          (   0,    0) (   0,    0) (   0,    0) (   0,    0) (   0,    0) (   0,    0) (   0,    0) (   0,    0) (   0,    0) (   0,    0)
          (   0,    0) (   0,    0) (   0,    0) (   0,    0) (   0,    0) (   0,    0) (   0,    0) (   0,    0) (   0,    0) (   0,    0)
          (   0,    0) (   0,    0) (   0,    0) (   0,    0) (   0,    0) (   0,    0) (   0,    0) (   0,    0) (   0,    0) (   0,    0)
          (   0,    0) (   0,    0) (   0,    0) (   0,    0) (   0,    0) (   0,    0) (   0,    0) (   0,    0) (   0,    0) (   0,    0)
          (   0,    0) (   0,    0) (   0,    0) (   0,    0) (   0,    0) (   0,    0) (   0,    0) (   0,    0) (   0,    0) (   0,    0)
          (   0,    0) (   0,    0) (   0,    0) (   0,    0) (   0,    0) (   0,    0) (   0,    0) (   0,    0) (   0,    0) (   0,    0)
          (   0,    0) (   0,    0) (   0,    0) (   0,    0) (   0,    0) (   0,    0) (   0,    0) (   0,    0) (   0,    0) (   0,    0)
          (   0,    0) (   0,    0) (   0,    0) (   0,    0) (   0,    0) (   0,    0) (   0,    0) (   0,    0) (   0,    0) (   0,    0)
         
node   8 sent_total  38836  recv_total  34573

node   9  (   0,    0) (   0,    0) (   1,    0) (   0,    0) (  72,   17) (  90,   19) (  90,   89) (  90,   89) (  90,   89) (  90,   89)
          (  90,   89) (  90,   89) (  90,   89) (  90,   89) (  90,   89) (  90,   89) (  90,   89) (  90,   89) (  90,   89) (  90,   89)
          (  90,   89) (  90,   89) (  90,   89) (  90,   89) (  90,   89) (  90,   89) (  90,   89) (  90,   89) (  90,   89) (  90,   89)
          (  90,   89) (  90,   89) (  90,   89) (  90,   89) (  90,   89) (  90,   89) (  90,   89) (  90,   89) (  90,   89) (  90,   89)
          (  90,   89) (  90,   89) (  90,   89) (  90,   89) (  90,   89) (  90,   89) (  90,   89) (  90,   89) (  90,   89) (  90,   89)
          (  90,   89) (  80,   89) (  85,   76) (  82,   82) (  74,   77) (  84,   81) (  79,   79) (  75,   85) (  80,   81) (  79,   81)
          (  81,   78) (  81,   84) (  85,   75) (  83,   75) (  81,   82) (  87,   81) (  83,   79) (  78,   78) (  81,   76) (  79,   83)
          (  82,   79) (  79,   79) (  78,   80) (  76,   78) (  83,   75) (  82,   80) (  80,   84) (  82,   81) (  85,   82) (  82,   79)
          (  76,   78) (  83,   80) (  84,   77) (  82,   78) (  80,   81) (  85,   79) (  83,   83) (  83,   79) (  81,   76) (  83,   80)
          (  81,   79) (  78,   79) (  77,   79) (  78,   85) (  83,   81) (  80,   78) (  82,   87) (  78,   77) (  74,   84) (  84,   78)
          (  85,   83) (  81,   82) (  77,   73) (  84,   70) (  84,   71) (  83,   69) (  80,   70) (  81,   76) (  85,   73) (  86,   71)
          (  80,   74) (  83,   66) (  78,   69) (  78,   72) (  81,   73) (  82,   76) (  81,   73) (  81,   73) (  80,   69) (  77,   70)
          (  81,   71) (  88,   75) (  78,   76) (  83,   69) (  82,   66) (  84,   71) (  81,   70) (  84,   63) (  81,   70) (  76,   74)
          (  76,   70) (  88,   71) (  77,   72) (  82,   70) (  79,   70) (  73,   71) (  81,   68) (  83,   74) (  84,   75) (  79,   70)
          (  73,   68) (  84,   70) (  84,   70) (  82,   72) (  84,   72) (  81,   75) (  82,   74) (  81,   75) (  82,   69) (  78,   73)
          (  78,   74) (  83,   73) (  77,   65) (  86,   72) (  85,   73) (  82,   70) (  80,   71) (  83,   70) (  75,   72) (  83,   69)
          (  75,   73) (  80,   69) (  79,   73) (  79,   68) (  81,   69) (  78,   70) (  83,   72) (  79,   71) (  80,   71) (  80,   72)
          (  80,   69) (  81,   72) (  86,   73) (  80,   73) (  78,   65) (  83,   68) (  79,   72) (  82,   74) (  82,   71) (  82,   70)
          (  80,   69) (  82,   72) (  75,   68) (  82,   74) (  79,   74) (  81,   75) (  81,   72) (  79,   68) (  81,   70) (  85,   73)
          (  74,   70) (  86,   70) (  82,   71) (  84,   73) (  83,   67) (  80,   72) (  81,   70) (  81,   76) (  84,   70) (  86,   71)
          (  84,   74) (  81,   74) (  77,   70) (  79,   68) (  81,   72) (  82,   69) (  83,   67) (  86,   73) (  81,   71) (  80,   72)
          (  79,   73) (  86,   71) (  83,   75) (  82,   71) (  76,   74) (  79,   75) (  79,   71) (  78,   67) (  79,   71) (  78,   74)
          (  72,   73) (  81,   72) (  79,   69) (  82,   72) (  81,   67) (  83,   73) (  85,   72) (  83,   71) (  79,   69) (  83,   71)
          (  82,   69) (  86,   75) (  84,   69) (  78,   71) (  83,   70) (  84,   73) (  81,   76) (  77,   72) (  77,   74) (  76,   69)
          (  83,   63) (  86,   72) (  77,   75) (  82,   70) (  84,   70) (  87,   64) (  82,   72) (  81,   69) (  84,   73) (  80,   73)
          (  77,   71) (  86,   72) (  81,   72) (  81,   73) (  84,   70) (  83,   68) (  84,   69) (  80,   69) (  85,   62) (  82,   70)
          (  87,   73) (  80,   72) (  77,   68) (  79,   67) (  81,   74) (  83,   72) (  78,   68) (  80,   71) (  83,   72) (  78,   75)
          (  85,   68) (  80,   73) (  75,   69) (  82,   68) (  79,   71) (  78,   74) (  77,   64) (  80,   76) (  75,   73) (  81,   72)
          (  82,   68) (  77,   70) (  80,   71) (  80,   72) (  74,   73) (  81,   71) (  84,   72) (  83,   73) (  79,   71) (  78,   73)
          (  79,   74) (  85,   71) (  83,   70) (  84,   72) (  82,   69) (  78,   73) (  84,   70) (  77,   73) (  79,   72) (  79,   69)
          (  82,   70) (  90,   70) (  90,   79) (  90,   79) (  90,   79) (  90,   79) (  90,   79) (  90,   79) (  90,   79) (  90,   79)
          (  90,   79) (  90,   79) (  90,   79) (  90,   79) (  90,   79) (  90,   79) (  90,   79) (  90,   79) (  90,   79) (  90,   79)
          (  90,   79) (  90,   79) (  90,   79) (  90,   79) (  90,   79) (  90,   79) (  90,   79) (  90,   79) (  90,   79) (  90,   79)
          (  90,   79) (  90,   79) (  90,   79) (  90,   79) (  90,   79) (  90,   79) (  90,   79) (  90,   79) (  90,   79) (  90,   79)
          (  90,   79) (  90,   79) (  90,   79) (  90,   79) (  90,   79) (  90,   79) (  90,   79) (  90,   79) (  90,   79) (  90,   79)
          (  90,   79) (  90,   79) (  90,   79) (  90,   79) (  90,   79) (  90,   79) (  90,   79) (  90,   79) (  90,   79) (  90,   79)
          (  90,   79) (  90,   79) (  90,   79) (  90,   79) (  90,   79) (  90,   79) (  90,   79) (  90,   79) (  90,   79) (  90,   79)
          (  90,   79) (  90,   79) (  90,   79) (  90,   79) (  90,   79) (  90,   79) (  90,   79) (  90,   79) (  90,   79) (  90,   79)
          (  90,   79) (  90,   79) (  90,   79) (  90,   79) (  90,   79) (  90,   79) (  90,   79) (  90,   79) (  90,   79) (  90,   79)
          (  90,   79) (  90,   79) (  90,   79) (  90,   79) (  90,   79) (  90,   79) (  90,   79) (  90,   79) (  90,   79) (  90,   79)
          (  90,   79) (  90,   79) (  90,   79) (  90,   79) (  90,   79) (  90,   79) (  90,   79) (  90,   79) (  90,   79) (  90,   79)
          (  90,   79) (  90,   79) (  90,   79) (  90,   79) (  90,   79) (  90,   79) (  90,   79) (  90,   79) (  90,   79) (  90,   79)
          (  90,   79) (  90,   79) (  90,   79) (  90,   79) (  90,   79) (  90,   79) (  90,   79) (  90,   79) (  90,   79) (  90,   79)
          (  90,   79) (  90,   79) (  90,   79) (  90,   79) (  90,   79) (  90,   79) (  90,   79) (  90,   79) (  90,   79) (  90,   79)
          (  90,   79) (  90,   79) (  90,   79) (  90,   79) (  90,   79) (  90,   79) (  90,   79) (  90,   79) (  90,   79) (  90,   79)
          (  90,   70) (  90,   60) (  90,   50) (  90,   50) (  90,   40) (  90,   30) (  90,   30) (  90,   20) (  90,   20) (  90,   20)
          (  90,   10) (  90,   10) (  70,   10) (  50,   10) (  30,   10) (  10,   10) (   0,   10) (   0,   10) (   0,   10) (   0,   10)
          (   0,   10) (   0,   10) (   0,   10) (   0,   10) (   0,    0) (   0,    0) (   0,    0) (   0,    0) (   0,    0) (   0,    0)
          (   0,    0) (   0,    0) (   0,    0) (   0,    0) (   0,    0) (   0,    0) (   0,    0) (   0,    0) (   0,    0) (   0,    0)
          (   0,    0) (   0,    0) (   0,    0) (   0,    0) (   0,    0) (   0,    0) (   0,    0) (   0,    0) (   0,    0) (   0,    0)
          (   0,    0) (   0,    0) (   0,    0) (   0,    0) (   0,    0) (   0,    0) (   0,    0) (   0,    0) (   0,    0) (   0,    0)
          (   0,    0) (   0,    0) (   0,    0) (   0,    0) (   0,    0) (   0,    0) (   0,    0) (   0,    0) (   0,    0) (   0,    0)
          (   0,    0) (   0,    0) (   0,    0) (   0,    0) (   0,    0) (   0,    0) (   0,    0) (   0,    0) (   0,    0) (   0,    0)
          (   0,    0) (   0,    0) (   0,    0) (   0,    0) (   0,    0) (   0,    0) (   0,    0) (   0,    0) (   0,    0) (   0,    0)
          (   0,    0) (   0,    0) (   0,    0) (   0,    0) (   0,    0) (   0,    0) (   0,    0) (   0,    0) (   0,    0) (   0,    0)
          (   0,    0) (   0,    0) (   0,    0) (   0,    0) (   0,    0) (   0,    0) (   0,    0) (   0,    0) (   0,    0) (   0,    0)
          (   0,    0) (   0,    0) (   0,    0) (   0,    0) (   0,    0) (   0,    0) (   0,    0) (   0,    0) (   0,    0) (   0,    0)
          (   0,    0) (   0,    0) (   0,    0) (   0,    0) (   0,    0) (   0,    0) (   0,    0) (   0,    0) (   0,    0) (   0,    0)
          (   0,    0) (   0,    0) (   0,    0) (   0,    0) (   0,    0) (   0,    0) (   0,    0) (   0,    0) (   0,    0) (   0,    0)
          (   0,    0) (   0,    0) (   0,    0) (   0,    0) (   0,    0) (   0,    0) (   0,    0) (   0,    0) (   0,    0) (   0,    0)
          (   0,    0) (   0,    0) (   0,    0) (   0,    0) (   0,    0) (   0,    0) (   0,    0) (   0,    0) (   0,    0) (   0,    0)
          (   0,    0) (   0,    0) (   0,    0) (   0,    0) (   0,    0) (   0,    0) (   0,    0) (   0,    0) (   0,    0) (   0,    0)
          (   0,    0) (   0,    0) (   0,    0) (   0,    0) (   0,    0) (   0,    0) (   0,    0) (   0,    0) (   0,    0) (   0,    0)
          (   0,    0) (   0,    0) (   0,    0) (   0,    0) (   0,    0) (   0,    0) (   0,    0) (   0,    0) (   0,    0) (   0,    0)
          (   0,    0) (   0,    0) (   0,    0) (   0,    0) (   0,    0) (   0,    0) (   0,    0) (   0,    0) (   0,    0) (   0,    0)
          (   0,    0) (   0,    0) (   0,    0) (   0,    0) (   0,    0) (   0,    0) (   0,    0) (   0,    0) (   0,    0) (   0,    0)
          (   0,    0) (   0,    0) (   0,    0) (   0,    0) (   0,    0) (   0,    0) (   0,    0) (   0,    0) (   0,    0) (   0,    0)
          (   0,    0) (   0,    0) (   0,    0) (   0,    0) (   0,    0) (   0,    0) (   0,    0) (   0,    0) (   0,    0) (   0,    0)
          (   0,    0) (   0,    0) (   0,    0) (   0,    0) (   0,    0) (   0,    0) (   0,    0) (   0,    0) (   0,    0) (   0,    0)
          (   0,    0) (   0,    0) (   0,    0) (   0,    0) (   0,    0) (   0,    0) (   0,    0) (   0,    0) (   0,    0) (   0,    0)
         
node   9 sent_total  39093  recv_total  34559

node  10  (   0,    0) (   0,    0) (   1,    0) (   0,    0) (  90,   18) (  90,    9) (  90,   89) (  90,   89) (  90,   89) (  90,   89)
          (  90,   89) (  90,   89) (  90,   89) (  90,   89) (  90,   89) (  90,   89) (  90,   89) (  90,   89) (  90,   89) (  90,   89)
          (  90,   89) (  90,   89) (  90,   89) (  90,   89) (  90,   89) (  90,   89) (  90,   89) (  90,   89) (  90,   89) (  90,   89)
          (  90,   89) (  90,   89) (  90,   89) (  90,   89) (  90,   89) (  90,   89) (  90,   89) (  90,   89) (  90,   89) (  90,   89)
          (  90,   89) (  90,   89) (  90,   89) (  90,   89) (  90,   89) (  90,   89) (  90,   89) (  90,   89) (  90,   89) (  90,   89)
          (  90,   89) (  84,   89) (  85,   82) (  82,   81) (  81,   81) (  79,   83) (  79,   83) (  80,   80) (  82,   77) (  81,   81)
          (  83,   80) (  76,   78) (  77,   83) (  81,   82) (  79,   81) (  80,   81) (  80,   81) (  75,   85) (  81,   78) (  79,   83)
          (  74,   81) (  84,   80) (  76,   78) (  80,   79) (  70,   76) (  87,   77) (  77,   77) (  79,   80) (  80,   78) (  81,   82)
          (  79,   73) (  83,   81) (  81,   79) (  83,   81) (  79,   84) (  84,   80) (  80,   84) (  80,   86) (  77,   83) (  78,   87)
          (  80,   81) (  79,   82) (  82,   79) (  84,   81) (  82,   80) (  80,   81) (  80,   83) (  85,   80) (  81,   77) (  80,   82)
          (  79,   78) (  81,   82) (  80,   70) (  80,   74) (  79,   70) (  82,   72) (  84,   74) (  81,   74) (  81,   66) (  85,   69)
          (  82,   73) (  77,   72) (  80,   68) (  82,   73) (  84,   69) (  83,   66) (  80,   69) (  79,   71) (  81,   69) (  80,   75)
          (  81,   71) (  94,   70) (  88,   76) (  79,   74) (  84,   69) (  79,   73) (  78,   73) (  82,   67) (  84,   71) (  74,   76)
          (  80,   69) (  86,   76) (  82,   69) (  84,   65) (  83,   73) (  76,   71) (  80,   70) (  83,   74) (  81,   70) (  85,   70)
          (  82,   72) (  79,   74) (  83,   69) (  82,   73) (  79,   73) (  78,   69) (  85,   75) (  81,   74) (  83,   72) (  81,   70)
          (  82,   68) (  82,   70) (  83,   74) (  85,   74) (  84,   76) (  81,   73) (  84,   70) (  83,   75) (  81,   76) (  81,   70)
          (  82,   71) (  85,   74) (  80,   74) (  83,   72) (  83,   70) (  82,   67) (  74,   74) (  75,   72) (  82,   73) (  83,   70)
          (  82,   65) (  78,   72) (  76,   68) (  79,   69) (  82,   67) (  79,   70) (  79,   74) (  76,   72) (  80,   73) (  78,   74)
          (  81,   73) (  77,   68) (  85,   70) (  81,   75) (  85,   69) (  81,   71) (  87,   70) (  78,   69) (  85,   70) (  80,   72)
          (  79,   73) (  75,   70) (  83,   74) (  81,   71) (  78,   70) (  82,   70) (  85,   68) (  83,   65) (  80,   67) (  80,   72)
          (  79,   72) (  80,   68) (  79,   75) (  78,   70) (  82,   70) (  78,   77) (  81,   74) (  79,   71) (  79,   70) (  84,   70)
          (  86,   69) (  85,   69) (  77,   74) (  80,   67) (  82,   71) (  83,   70) (  83,   69) (  82,   71) (  77,   71) (  82,   73)
          (  83,   74) (  78,   69) (  80,   73) (  81,   73) (  85,   67) (  86,   67) (  81,   71) (  84,   70) (  86,   69) (  79,   70)
          (  82,   70) (  81,   75) (  83,   74) (  82,   69) (  80,   75) (  83,   77) (  84,   68) (  84,   73) (  80,   72) (  80,   74)
          (  81,   70) (  78,   72) (  84,   74) (  83,   71) (  82,   62) (  85,   74) (  78,   70) (  81,   71) (  84,   72) (  82,   74)
          (  82,   74) (  81,   68) (  79,   72) (  77,   73) (  81,   73) (  79,   71) (  84,   76) (  78,   73) (  74,   71) (  77,   72)
          (  84,   76) (  83,   65) (  80,   74) (  84,   69) (  79,   73) (  83,   72) (  86,   68) (  76,   69) (  84,   71) (  77,   67)
          (  78,   74) (  80,   72) (  81,   71) (  80,   72) (  84,   72) (  78,   74) (  80,   75) (  84,   66) (  83,   72) (  84,   75)
          (  85,   71) (  75,   71) (  78,   76) (  82,   71) (  85,   71) (  83,   71) (  82,   72) (  84,   69) (  76,   69) (  79,   70)
          (  80,   75) (  79,   68) (  84,   71) (  78,   69) (  84,   73) (  83,   63) (  83,   70) (  82,   78) (  78,   76) (  81,   74)
          (  80,   70) (  90,   72) (  90,   79) (  90,   79) (  90,   79) (  90,   79) (  90,   79) (  90,   79) (  90,   79) (  90,   79)
          (  90,   79) (  90,   79) (  90,   79) (  90,   79) (  90,   79) (  90,   79) (  90,   79) (  90,   79) (  90,   79) (  90,   79)
          (  90,   79) (  90,   79) (  90,   79) (  90,   79) (  90,   79) (  90,   79) (  90,   79) (  90,   79) (  90,   79) (  90,   79)
          (  90,   79) (  90,   79) (  90,   79) (  90,   79) (  90,   79) (  90,   79) (  90,   79) (  90,   79) (  90,   79) (  90,   79)
          (  90,   79) (  90,   79) (  90,   79) (  90,   79) (  90,   79) (  90,   79) (  90,   79) (  90,   79) (  90,   79) (  90,   79)
          (  90,   79) (  90,   79) (  90,   79) (  90,   79) (  90,   79) (  90,   79) (  90,   79) (  90,   79) (  90,   79) (  90,   79)
          (  90,   79) (  90,   79) (  90,   79) (  90,   79) (  90,   79) (  90,   79) (  90,   79) (  90,   79) (  90,   79) (  90,   79)
          (  90,   79) (  90,   79) (  90,   79) (  90,   79) (  90,   79) (  90,   79) (  90,   79) (  90,   79) (  90,   79) (  90,   79)
          (  90,   79) (  90,   79) (  90,   79) (  90,   79) (  90,   79) (  90,   79) (  90,   79) (  90,   79) (  90,   79) (  90,   79)
          (  90,   79) (  90,   79) (  90,   79) (  90,   79) (  90,   79) (  90,   79) (  90,   79) (  90,   79) (  90,   79) (  90,   79)
          (  90,   79) (  90,   79) (  90,   79) (  90,   79) (  90,   79) (  90,   79) (  90,   79) (  90,   79) (  90,   79) (  90,   79)
          (  90,   79) (  90,   79) (  90,   79) (  90,   79) (  90,   79) (  90,   79) (  90,   79) (  90,   79) (  90,   79) (  90,   79)
          (  90,   79) (  90,   79) (  90,   79) (  90,   79) (  90,   79) (  90,   79) (  90,   79) (  90,   79) (  90,   79) (  90,   79)
          (  90,   79) (  90,   79) (  90,   79) (  90,   79) (  90,   79) (  90,   79) (  90,   79) (  90,   79) (  90,   79) (  90,   79)
          (  90,   79) (  90,   79) (  90,   79) (  90,   79) (  90,   79) (  90,   79) (  90,   79) (  90,   79) (  90,   79) (  90,   79)
          (  90,   70) (  90,   60) (  90,   50) (  90,   40) (  90,   40) (  90,   30) (  90,   30) (  90,   20) (  90,   20) (  90,   10)
          (  90,   10) (  90,   10) (  90,   10) (  90,    0) (  90,    0) (  90,    0) (  90,    0) (  80,    0) (  70,    0) (  60,    0)
          (  50,    0) (  40,    0) (  30,    0) (  20,    0) (  10,    0) (   0,    0) (   0,    0) (   0,    0) (   0,    0) (   0,    0)
          (   0,    0) (   0,    0) (   0,    0) (   0,    0) (   0,    0) (   0,    0) (   0,    0) (   0,    0) (   0,    0) (   0,    0)
          (   0,    0) (   0,    0) (   0,    0) (   0,    0) (   0,    0) (   0,    0) (   0,    0) (   0,    0) (   0,    0) (   0,    0)
          (   0,    0) (   0,    0) (   0,    0) (   0,    0) (   0,    0) (   0,    0) (   0,    0) (   0,    0) (   0,    0) (   0,    0)
          (   0,    0) (   0,    0) (   0,    0) (   0,    0) (   0,    0) (   0,    0) (   0,    0) (   0,    0) (   0,    0) (   0,    0)
          (   0,    0) (   0,    0) (   0,    0) (   0,    0) (   0,    0) (   0,    0) (   0,    0) (   0,    0) (   0,    0) (   0,    0)
          (   0,    0) (   0,    0) (   0,    0) (   0,    0) (   0,    0) (   0,    0) (   0,    0) (   0,    0) (   0,    0) (   0,    0)
          (   0,    0) (   0,    0) (   0,    0) (   0,    0) (   0,    0) (   0,    0) (   0,    0) (   0,    0) (   0,    0) (   0,    0)
          (   0,    0) (   0,    0) (   0,    0) (   0,    0) (   0,    0) (   0,    0) (   0,    0) (   0,    0) (   0,    0) (   0,    0)
          (   0,    0) (   0,    0) (   0,    0) (   0,    0) (   0,    0) (   0,    0) (   0,    0) (   0,    0) (   0,    0) (   0,    0)
          (   0,    0) (   0,    0) (   0,    0) (   0,    0) (   0,    0) (   0,    0) (   0,    0) (   0,    0) (   0,    0) (   0,    0)
          (   0,    0) (   0,    0) (   0,    0) (   0,    0) (   0,    0) (   0,    0) (   0,    0) (   0,    0) (   0,    0) (   0,    0)
          (   0,    0) (   0,    0) (   0,    0) (   0,    0) (   0,    0) (   0,    0) (   0,    0) (   0,    0) (   0,    0) (   0,    0)
          (   0,    0) (   0,    0) (   0,    0) (   0,    0) (   0,    0) (   0,    0) (   0,    0) (   0,    0) (   0,    0) (   0,    0)
          (   0,    0) (   0,    0) (   0,    0) (   0,    0) (   0,    0) (   0,    0) (   0,    0) (   0,    0) (   0,    0) (   0,    0)
          (   0,    0) (   0,    0) (   0,    0) (   0,    0) (   0,    0) (   0,    0) (   0,    0) (   0,    0) (   0,    0) (   0,    0)
          (   0,    0) (   0,    0) (   0,    0) (   0,    0) (   0,    0) (   0,    0) (   0,    0) (   0,    0) (   0,    0) (   0,    0)
          (   0,    0) (   0,    0) (   0,    0) (   0,    0) (   0,    0) (   0,    0) (   0,    0) (   0,    0) (   0,    0) (   0,    0)
          (   0,    0) (   0,    0) (   0,    0) (   0,    0) (   0,    0) (   0,    0) (   0,    0) (   0,    0) (   0,    0) (   0,    0)
          (   0,    0) (   0,    0) (   0,    0) (   0,    0) (   0,    0) (   0,    0) (   0,    0) (   0,    0) (   0,    0) (   0,    0)
          (   0,    0) (   0,    0) (   0,    0) (   0,    0) (   0,    0) (   0,    0) (   0,    0) (   0,    0) (   0,    0) (   0,    0)
          (   0,    0) (   0,    0) (   0,    0) (   0,    0) (   0,    0) (   0,    0) (   0,    0) (   0,    0) (   0,    0) (   0,    0)
          (   0,    0) (   0,    0) (   0,    0) (   0,    0) (   0,    0) (   0,    0) (   0,    0) (   0,    0) (   0,    0) (   0,    0)
         
node  10 sent_total  39783  recv_total  34502

